{"/home/travis/build/npmtest/node-npmtest-moment-timezone/test.js":{"path":"/home/travis/build/npmtest/node-npmtest-moment-timezone/test.js","s":{"1":2,"2":2,"3":2,"4":2,"5":2,"6":2,"7":2,"8":1,"9":2,"10":2,"11":1,"12":1,"13":1,"14":1,"15":2,"16":2,"17":2,"18":2,"19":1,"20":1,"21":2,"22":2,"23":2,"24":1,"25":1,"26":1,"27":1,"28":1,"29":1,"30":1,"31":1,"32":1,"33":1,"34":1,"35":1,"36":2,"37":2,"38":1,"39":2,"40":2,"41":1,"42":2,"43":2,"44":1,"45":1,"46":1,"47":1,"48":1},"b":{"1":[2,1,1,1],"2":[1,1,1,1],"3":[1,1],"4":[1,1],"5":[1,1],"6":[1,1],"7":[1,1],"8":[1,1],"9":[1,1,1],"10":[1,1],"11":[1,1],"12":[1,1],"13":[1,1],"14":[1,1],"15":[1,1]},"f":{"1":2,"2":2,"3":2,"4":2,"5":2,"6":1,"7":1,"8":2,"9":2,"10":2,"11":1},"fnMap":{"1":{"name":"(anonymous_1)","line":12,"loc":{"start":{"line":12,"column":1},"end":{"line":12,"column":13}}},"2":{"name":"(anonymous_2)","line":19,"loc":{"start":{"line":19,"column":5},"end":{"line":19,"column":17}}},"3":{"name":"(anonymous_3)","line":23,"loc":{"start":{"line":23,"column":24},"end":{"line":23,"column":36}}},"4":{"name":"(anonymous_4)","line":61,"loc":{"start":{"line":61,"column":5},"end":{"line":61,"column":17}}},"5":{"name":"(anonymous_5)","line":82,"loc":{"start":{"line":82,"column":5},"end":{"line":82,"column":17}}},"6":{"name":"(anonymous_6)","line":102,"loc":{"start":{"line":102,"column":83},"end":{"line":105,"column":10}},"skip":true},"7":{"name":"(anonymous_7)","line":113,"loc":{"start":{"line":113,"column":77},"end":{"line":116,"column":10}},"skip":true},"8":{"name":"(anonymous_8)","line":127,"loc":{"start":{"line":127,"column":77},"end":{"line":130,"column":10}},"skip":true},"9":{"name":"(anonymous_9)","line":138,"loc":{"start":{"line":138,"column":83},"end":{"line":141,"column":10}},"skip":true},"10":{"name":"(anonymous_10)","line":149,"loc":{"start":{"line":149,"column":79},"end":{"line":152,"column":10}},"skip":true},"11":{"name":"(anonymous_11)","line":160,"loc":{"start":{"line":160,"column":75},"end":{"line":163,"column":10}},"skip":true}},"statementMap":{"1":{"start":{"line":12,"column":0},"end":{"line":175,"column":5}},"2":{"start":{"line":14,"column":4},"end":{"line":14,"column":14}},"3":{"start":{"line":19,"column":4},"end":{"line":56,"column":9}},"4":{"start":{"line":21,"column":8},"end":{"line":21,"column":19}},"5":{"start":{"line":23,"column":8},"end":{"line":35,"column":13}},"6":{"start":{"line":24,"column":12},"end":{"line":34,"column":13}},"7":{"start":{"line":25,"column":16},"end":{"line":28,"column":30}},"8":{"start":{"line":30,"column":16},"end":{"line":33,"column":27}},"9":{"start":{"line":37,"column":8},"end":{"line":39,"column":21}},"10":{"start":{"line":40,"column":8},"end":{"line":53,"column":9}},"11":{"start":{"line":43,"column":12},"end":{"line":46,"column":14}},"12":{"start":{"line":47,"column":12},"end":{"line":47,"column":18}},"13":{"start":{"line":50,"column":12},"end":{"line":51,"column":46}},"14":{"start":{"line":52,"column":12},"end":{"line":52,"column":18}},"15":{"start":{"line":55,"column":8},"end":{"line":55,"column":35}},"16":{"start":{"line":61,"column":4},"end":{"line":63,"column":9}},"17":{"start":{"line":62,"column":8},"end":{"line":62,"column":15}},"18":{"start":{"line":64,"column":4},"end":{"line":77,"column":5}},"19":{"start":{"line":70,"column":8},"end":{"line":70,"column":14}},"20":{"start":{"line":76,"column":8},"end":{"line":76,"column":14}},"21":{"start":{"line":82,"column":4},"end":{"line":84,"column":9}},"22":{"start":{"line":83,"column":8},"end":{"line":83,"column":15}},"23":{"start":{"line":85,"column":4},"end":{"line":174,"column":5}},"24":{"start":{"line":92,"column":8},"end":{"line":94,"column":63}},"25":{"start":{"line":95,"column":8},"end":{"line":95,"column":14}},"26":{"start":{"line":102,"column":8},"end":{"line":111,"column":10},"skip":true},"27":{"start":{"line":109,"column":12},"end":{"line":109,"column":55},"skip":true},"28":{"start":{"line":110,"column":12},"end":{"line":110,"column":48},"skip":true},"29":{"start":{"line":113,"column":8},"end":{"line":125,"column":10},"skip":true},"30":{"start":{"line":120,"column":12},"end":{"line":120,"column":76},"skip":true},"31":{"start":{"line":121,"column":12},"end":{"line":121,"column":73},"skip":true},"32":{"start":{"line":122,"column":12},"end":{"line":122,"column":74},"skip":true},"33":{"start":{"line":123,"column":12},"end":{"line":123,"column":25},"skip":true},"34":{"start":{"line":124,"column":12},"end":{"line":124,"column":45},"skip":true},"35":{"start":{"line":127,"column":8},"end":{"line":136,"column":10},"skip":true},"36":{"start":{"line":134,"column":12},"end":{"line":134,"column":25},"skip":true},"37":{"start":{"line":135,"column":12},"end":{"line":135,"column":45},"skip":true},"38":{"start":{"line":138,"column":8},"end":{"line":147,"column":10},"skip":true},"39":{"start":{"line":145,"column":12},"end":{"line":145,"column":25},"skip":true},"40":{"start":{"line":146,"column":12},"end":{"line":146,"column":48},"skip":true},"41":{"start":{"line":149,"column":8},"end":{"line":158,"column":10},"skip":true},"42":{"start":{"line":156,"column":12},"end":{"line":156,"column":25},"skip":true},"43":{"start":{"line":157,"column":12},"end":{"line":157,"column":46},"skip":true},"44":{"start":{"line":160,"column":8},"end":{"line":169,"column":10},"skip":true},"45":{"start":{"line":167,"column":12},"end":{"line":167,"column":94},"skip":true},"46":{"start":{"line":168,"column":12},"end":{"line":168,"column":48},"skip":true},"47":{"start":{"line":172,"column":8},"end":{"line":172,"column":35},"skip":true},"48":{"start":{"line":173,"column":8},"end":{"line":173,"column":14},"skip":true}},"branchMap":{"1":{"line":25,"type":"binary-expr","locations":[{"start":{"line":25,"column":23},"end":{"line":25,"column":62}},{"start":{"line":26,"column":20},"end":{"line":26,"column":70}},{"start":{"line":27,"column":20},"end":{"line":27,"column":71}},{"start":{"line":28,"column":20},"end":{"line":28,"column":29}}]},"2":{"line":30,"type":"binary-expr","locations":[{"start":{"line":30,"column":23},"end":{"line":30,"column":37}},{"start":{"line":31,"column":20},"end":{"line":31,"column":61}},{"start":{"line":32,"column":20},"end":{"line":32,"column":70}},{"start":{"line":33,"column":20},"end":{"line":33,"column":26}}]},"3":{"line":37,"type":"cond-expr","locations":[{"start":{"line":38,"column":14},"end":{"line":38,"column":20}},{"start":{"line":39,"column":14},"end":{"line":39,"column":20}}]},"4":{"line":40,"type":"switch","locations":[{"start":{"line":42,"column":8},"end":{"line":47,"column":18}},{"start":{"line":49,"column":8},"end":{"line":52,"column":18}}]},"5":{"line":44,"type":"binary-expr","locations":[{"start":{"line":44,"column":16},"end":{"line":44,"column":44}},{"start":{"line":44,"column":48},"end":{"line":44,"column":66}}]},"6":{"line":50,"type":"binary-expr","locations":[{"start":{"line":50,"column":21},"end":{"line":50,"column":49}},{"start":{"line":50,"column":53},"end":{"line":50,"column":72}}]},"7":{"line":64,"type":"switch","locations":[{"start":{"line":69,"column":4},"end":{"line":70,"column":14}},{"start":{"line":75,"column":4},"end":{"line":76,"column":14}}]},"8":{"line":85,"type":"switch","locations":[{"start":{"line":90,"column":4},"end":{"line":95,"column":14}},{"start":{"line":101,"column":4},"end":{"line":173,"column":14},"skip":true}]},"9":{"line":92,"type":"binary-expr","locations":[{"start":{"line":92,"column":18},"end":{"line":92,"column":32}},{"start":{"line":93,"column":12},"end":{"line":93,"column":53}},{"start":{"line":94,"column":12},"end":{"line":94,"column":61}}]},"10":{"line":102,"type":"binary-expr","locations":[{"start":{"line":102,"column":45},"end":{"line":102,"column":79},"skip":true},{"start":{"line":102,"column":83},"end":{"line":111,"column":9},"skip":true}]},"11":{"line":113,"type":"binary-expr","locations":[{"start":{"line":113,"column":42},"end":{"line":113,"column":73},"skip":true},{"start":{"line":113,"column":77},"end":{"line":125,"column":9},"skip":true}]},"12":{"line":127,"type":"binary-expr","locations":[{"start":{"line":127,"column":42},"end":{"line":127,"column":73},"skip":true},{"start":{"line":127,"column":77},"end":{"line":136,"column":9},"skip":true}]},"13":{"line":138,"type":"binary-expr","locations":[{"start":{"line":138,"column":45},"end":{"line":138,"column":79},"skip":true},{"start":{"line":138,"column":83},"end":{"line":147,"column":9},"skip":true}]},"14":{"line":149,"type":"binary-expr","locations":[{"start":{"line":149,"column":43},"end":{"line":149,"column":75},"skip":true},{"start":{"line":149,"column":79},"end":{"line":158,"column":9},"skip":true}]},"15":{"line":160,"type":"binary-expr","locations":[{"start":{"line":160,"column":41},"end":{"line":160,"column":71},"skip":true},{"start":{"line":160,"column":75},"end":{"line":169,"column":9},"skip":true}]}},"code":["/* istanbul instrument in package npmtest_moment_timezone */","/*jslint","    bitwise: true,","    browser: true,","    maxerr: 8,","    maxlen: 96,","    node: true,","    nomen: true,","    regexp: true,","    stupid: true","*/","(function () {","    'use strict';","    var local;","","","","    // run shared js-env code - pre-init","    (function () {","        // init local","        local = {};","        // init modeJs","        local.modeJs = (function () {","            try {","                return typeof navigator.userAgent === 'string' &&","                    typeof document.querySelector('body') === 'object' &&","                    typeof XMLHttpRequest.prototype.open === 'function' &&","                    'browser';","            } catch (errorCaughtBrowser) {","                return module.exports &&","                    typeof process.versions.node === 'string' &&","                    typeof require('http').createServer === 'function' &&","                    'node';","            }","        }());","        // init global","        local.global = local.modeJs === 'browser'","            ? window","            : global;","        switch (local.modeJs) {","        // re-init local from window.local","        case 'browser':","            local = local.global.utility2.objectSetDefault(","                local.global.utility2_rollup || local.global.local,","                local.global.utility2","            );","            break;","        // re-init local from example.js","        case 'node':","            local = (local.global.utility2_rollup || require('utility2'))","                .requireExampleJsFromReadme();","            break;","        }","        // export local","        local.global.local = local;","    }());","","","","    // run shared js-env code - function","    (function () {","        return;","    }());","    switch (local.modeJs) {","","","","    // run browser js-env code - function","    case 'browser':","        break;","","","","    // run node js-env code - function","    case 'node':","        break;","    }","","","","    // run shared js-env code - post-init","    (function () {","        return;","    }());","    switch (local.modeJs) {","","","","    // run browser js-env code - post-init","    case 'browser':","        // run tests","        local.nop(local.modeTest &&","            document.querySelector('#testRunButton1') &&","            document.querySelector('#testRunButton1').click());","        break;","","","","    // run node js-env code - post-init","    /* istanbul ignore next */","    case 'node':","        local.testCase_buildApidoc_default = local.testCase_buildApidoc_default || function (","            options,","            onError","        ) {","        /*","         * this function will test buildApidoc's default handling-behavior-behavior","         */","            options = { modulePathList: module.paths };","            local.buildApidoc(options, onError);","        };","","        local.testCase_buildApp_default = local.testCase_buildApp_default || function (","            options,","            onError","        ) {","        /*","         * this function will test buildApp's default handling-behavior-behavior","         */","            local.testCase_buildReadme_default(options, local.onErrorThrow);","            local.testCase_buildLib_default(options, local.onErrorThrow);","            local.testCase_buildTest_default(options, local.onErrorThrow);","            options = [];","            local.buildApp(options, onError);","        };","","        local.testCase_buildLib_default = local.testCase_buildLib_default || function (","            options,","            onError","        ) {","        /*","         * this function will test buildLib's default handling-behavior","         */","            options = {};","            local.buildLib(options, onError);","        };","","        local.testCase_buildReadme_default = local.testCase_buildReadme_default || function (","            options,","            onError","        ) {","        /*","         * this function will test buildReadme's default handling-behavior-behavior","         */","            options = {};","            local.buildReadme(options, onError);","        };","","        local.testCase_buildTest_default = local.testCase_buildTest_default || function (","            options,","            onError","        ) {","        /*","         * this function will test buildTest's default handling-behavior","         */","            options = {};","            local.buildTest(options, onError);","        };","","        local.testCase_webpage_default = local.testCase_webpage_default || function (","            options,","            onError","        ) {","        /*","         * this function will test webpage's default handling-behavior","         */","            options = { modeCoverageMerge: true, url: local.serverLocalHost + '?modeTest=1' };","            local.browserTest(options, onError);","        };","","        // run test-server","        local.testRunServer(local);","        break;","    }","}());",""],"l":{"12":2,"14":2,"19":2,"21":2,"23":2,"24":2,"25":2,"30":1,"37":2,"40":2,"43":1,"47":1,"50":1,"52":1,"55":2,"61":2,"62":2,"64":2,"70":1,"76":1,"82":2,"83":2,"85":2,"92":1,"95":1,"102":1,"109":1,"110":1,"113":1,"120":1,"121":1,"122":1,"123":1,"124":1,"127":1,"134":2,"135":2,"138":1,"145":2,"146":2,"149":1,"156":2,"157":2,"160":1,"167":1,"168":1,"172":1,"173":1}},"/home/travis/build/npmtest/node-npmtest-moment-timezone/lib.npmtest_moment_timezone.js":{"path":"/home/travis/build/npmtest/node-npmtest-moment-timezone/lib.npmtest_moment_timezone.js","s":{"1":2,"2":2,"3":2,"4":2,"5":2,"6":2,"7":2,"8":1,"9":2,"10":2,"11":2,"12":2,"13":1,"14":1,"15":1,"16":1},"b":{"1":[2,1,1,1],"2":[1,1,1,1],"3":[1,1],"4":[2,2],"5":[1,1]},"f":{"1":2,"2":2,"3":2},"fnMap":{"1":{"name":"(anonymous_1)","line":12,"loc":{"start":{"line":12,"column":1},"end":{"line":12,"column":13}}},"2":{"name":"(anonymous_2)","line":19,"loc":{"start":{"line":19,"column":5},"end":{"line":19,"column":17}}},"3":{"name":"(anonymous_3)","line":23,"loc":{"start":{"line":23,"column":24},"end":{"line":23,"column":36}}}},"statementMap":{"1":{"start":{"line":12,"column":0},"end":{"line":53,"column":5}},"2":{"start":{"line":14,"column":4},"end":{"line":14,"column":14}},"3":{"start":{"line":19,"column":4},"end":{"line":52,"column":9}},"4":{"start":{"line":21,"column":8},"end":{"line":21,"column":19}},"5":{"start":{"line":23,"column":8},"end":{"line":35,"column":13}},"6":{"start":{"line":24,"column":12},"end":{"line":34,"column":13}},"7":{"start":{"line":25,"column":16},"end":{"line":28,"column":30}},"8":{"start":{"line":30,"column":16},"end":{"line":33,"column":27}},"9":{"start":{"line":37,"column":8},"end":{"line":39,"column":21}},"10":{"start":{"line":41,"column":8},"end":{"line":41,"column":54}},"11":{"start":{"line":43,"column":8},"end":{"line":43,"column":60}},"12":{"start":{"line":45,"column":8},"end":{"line":51,"column":9}},"13":{"start":{"line":46,"column":12},"end":{"line":46,"column":66}},"14":{"start":{"line":48,"column":12},"end":{"line":48,"column":35}},"15":{"start":{"line":49,"column":12},"end":{"line":49,"column":49}},"16":{"start":{"line":50,"column":12},"end":{"line":50,"column":43}}},"branchMap":{"1":{"line":25,"type":"binary-expr","locations":[{"start":{"line":25,"column":23},"end":{"line":25,"column":62}},{"start":{"line":26,"column":20},"end":{"line":26,"column":70}},{"start":{"line":27,"column":20},"end":{"line":27,"column":71}},{"start":{"line":28,"column":20},"end":{"line":28,"column":29}}]},"2":{"line":30,"type":"binary-expr","locations":[{"start":{"line":30,"column":23},"end":{"line":30,"column":37}},{"start":{"line":31,"column":20},"end":{"line":31,"column":61}},{"start":{"line":32,"column":20},"end":{"line":32,"column":70}},{"start":{"line":33,"column":20},"end":{"line":33,"column":26}}]},"3":{"line":37,"type":"cond-expr","locations":[{"start":{"line":38,"column":14},"end":{"line":38,"column":20}},{"start":{"line":39,"column":14},"end":{"line":39,"column":20}}]},"4":{"line":41,"type":"binary-expr","locations":[{"start":{"line":41,"column":16},"end":{"line":41,"column":44}},{"start":{"line":41,"column":48},"end":{"line":41,"column":53}}]},"5":{"line":45,"type":"if","locations":[{"start":{"line":45,"column":8},"end":{"line":45,"column":8}},{"start":{"line":45,"column":8},"end":{"line":45,"column":8}}]}},"code":["/* istanbul instrument in package npmtest_moment_timezone */","/*jslint","    bitwise: true,","    browser: true,","    maxerr: 8,","    maxlen: 96,","    node: true,","    nomen: true,","    regexp: true,","    stupid: true","*/","(function () {","    'use strict';","    var local;","","","","    // run shared js-env code - pre-init","    (function () {","        // init local","        local = {};","        // init modeJs","        local.modeJs = (function () {","            try {","                return typeof navigator.userAgent === 'string' &&","                    typeof document.querySelector('body') === 'object' &&","                    typeof XMLHttpRequest.prototype.open === 'function' &&","                    'browser';","            } catch (errorCaughtBrowser) {","                return module.exports &&","                    typeof process.versions.node === 'string' &&","                    typeof require('http').createServer === 'function' &&","                    'node';","            }","        }());","        // init global","        local.global = local.modeJs === 'browser'","            ? window","            : global;","        // init utility2_rollup","        local = local.global.utility2_rollup || local;","        // init lib","        local.local = local.npmtest_moment_timezone = local;","        // init exports","        if (local.modeJs === 'browser') {","            local.global.utility2_npmtest_moment_timezone = local;","        } else {","            module.exports = local;","            module.exports.__dirname = __dirname;","            module.exports.module = module;","        }","    }());","}());",""],"l":{"12":2,"14":2,"19":2,"21":2,"23":2,"24":2,"25":2,"30":1,"37":2,"41":2,"43":2,"45":2,"46":1,"48":1,"49":1,"50":1}},"/home/travis/build/npmtest/node-npmtest-moment-timezone/example.js":{"path":"/home/travis/build/npmtest/node-npmtest-moment-timezone/example.js","s":{"1":2,"2":2,"3":2,"4":2,"5":2,"6":2,"7":2,"8":1,"9":2,"10":2,"11":2,"12":2,"13":1,"14":2,"15":2,"16":2,"17":2,"18":2,"19":0,"20":2,"21":1,"22":1,"23":1,"24":1,"25":1,"26":0,"27":0,"28":1,"29":1,"30":2,"31":0,"32":0,"33":0,"34":1,"35":2,"36":2,"37":2,"38":2,"39":2,"40":2,"41":0,"42":2,"43":2,"44":2,"45":1,"46":3,"47":1,"48":1,"49":1,"50":1,"51":1,"52":1,"53":1,"54":1,"55":1,"56":1,"57":0,"58":1,"59":6,"60":6,"61":1,"62":2,"63":0,"64":2,"65":1,"66":1,"67":0,"68":0,"69":0,"70":0,"71":0,"72":0,"73":0,"74":0,"75":0,"76":0,"77":0,"78":0,"79":0,"80":0,"81":0,"82":0,"83":0},"b":{"1":[2,1,1,1],"2":[1,1,1,1],"3":[1,1],"4":[2,2],"5":[1,1],"6":[1,1],"7":[2,0],"8":[2,1,1,1,1,1],"9":[0,2,0],"10":[1,1],"11":[2,1,1],"12":[1,0],"13":[0,2],"14":[2,0,0,0,0,0,0],"15":[0,2],"16":[2,0],"17":[1,1],"18":[0,1],"19":[1,2,0,2],"20":[1,0],"21":[1,1],"22":[0,0],"23":[0,0],"24":[0,0],"25":[0,0],"26":[0,0],"27":[0,0],"28":[0,0]},"f":{"1":2,"2":2,"3":2,"4":2,"5":2,"6":2,"7":2,"8":2,"9":3,"10":1,"11":6,"12":0},"fnMap":{"1":{"name":"(anonymous_1)","line":26,"loc":{"start":{"line":26,"column":1},"end":{"line":26,"column":13}}},"2":{"name":"(anonymous_2)","line":33,"loc":{"start":{"line":33,"column":5},"end":{"line":33,"column":17}}},"3":{"name":"(anonymous_3)","line":37,"loc":{"start":{"line":37,"column":24},"end":{"line":37,"column":36}}},"4":{"name":"(anonymous_4)","line":69,"loc":{"start":{"line":69,"column":31},"end":{"line":69,"column":48}},"skip":true},"5":{"name":"(anonymous_5)","line":78,"loc":{"start":{"line":78,"column":26},"end":{"line":78,"column":45}},"skip":true},"6":{"name":"(anonymous_6)","line":123,"loc":{"start":{"line":123,"column":33},"end":{"line":123,"column":48}},"skip":true},"7":{"name":"(anonymous_7)","line":125,"loc":{"start":{"line":125,"column":27},"end":{"line":125,"column":39}},"skip":true},"8":{"name":"(anonymous_8)","line":133,"loc":{"start":{"line":133,"column":59},"end":{"line":133,"column":74}},"skip":true},"9":{"name":"(anonymous_9)","line":143,"loc":{"start":{"line":143,"column":45},"end":{"line":143,"column":62}},"skip":true},"10":{"name":"(anonymous_10)","line":144,"loc":{"start":{"line":144,"column":73},"end":{"line":144,"column":92}},"skip":true},"11":{"name":"(anonymous_11)","line":272,"loc":{"start":{"line":272,"column":51},"end":{"line":272,"column":77}},"skip":true},"12":{"name":"(anonymous_12)","line":314,"loc":{"start":{"line":314,"column":32},"end":{"line":314,"column":61}},"skip":true}},"statementMap":{"1":{"start":{"line":26,"column":0},"end":{"line":325,"column":5}},"2":{"start":{"line":28,"column":4},"end":{"line":28,"column":14}},"3":{"start":{"line":33,"column":4},"end":{"line":60,"column":9}},"4":{"start":{"line":35,"column":8},"end":{"line":35,"column":19}},"5":{"start":{"line":37,"column":8},"end":{"line":49,"column":13}},"6":{"start":{"line":38,"column":12},"end":{"line":48,"column":13}},"7":{"start":{"line":39,"column":16},"end":{"line":42,"column":30}},"8":{"start":{"line":44,"column":16},"end":{"line":47,"column":27}},"9":{"start":{"line":51,"column":8},"end":{"line":53,"column":21}},"10":{"start":{"line":55,"column":8},"end":{"line":57,"column":45}},"11":{"start":{"line":59,"column":8},"end":{"line":59,"column":35}},"12":{"start":{"line":61,"column":4},"end":{"line":324,"column":5}},"13":{"start":{"line":69,"column":8},"end":{"line":121,"column":10},"skip":true},"14":{"start":{"line":70,"column":12},"end":{"line":88,"column":13},"skip":true},"15":{"start":{"line":76,"column":16},"end":{"line":87,"column":19},"skip":true},"16":{"start":{"line":79,"column":20},"end":{"line":86,"column":21},"skip":true},"17":{"start":{"line":82,"column":24},"end":{"line":82,"column":43},"skip":true},"18":{"start":{"line":83,"column":24},"end":{"line":83,"column":30},"skip":true},"19":{"start":{"line":85,"column":24},"end":{"line":85,"column":49},"skip":true},"20":{"start":{"line":89,"column":12},"end":{"line":107,"column":13},"skip":true},"21":{"start":{"line":92,"column":16},"end":{"line":102,"column":17},"skip":true},"22":{"start":{"line":93,"column":20},"end":{"line":93,"column":86},"skip":true},"23":{"start":{"line":94,"column":20},"end":{"line":95,"column":45},"skip":true},"24":{"start":{"line":96,"column":20},"end":{"line":96,"column":42},"skip":true},"25":{"start":{"line":97,"column":20},"end":{"line":97,"column":48},"skip":true},"26":{"start":{"line":100,"column":20},"end":{"line":100,"column":85},"skip":true},"27":{"start":{"line":101,"column":20},"end":{"line":101,"column":96},"skip":true},"28":{"start":{"line":103,"column":16},"end":{"line":103,"column":22},"skip":true},"29":{"start":{"line":106,"column":16},"end":{"line":106,"column":22},"skip":true},"30":{"start":{"line":108,"column":12},"end":{"line":120,"column":13},"skip":true},"31":{"start":{"line":114,"column":16},"end":{"line":119,"column":17},"skip":true},"32":{"start":{"line":116,"column":20},"end":{"line":116,"column":78},"skip":true},"33":{"start":{"line":118,"column":20},"end":{"line":118,"column":53},"skip":true},"34":{"start":{"line":123,"column":8},"end":{"line":141,"column":11},"skip":true},"35":{"start":{"line":124,"column":12},"end":{"line":124,"column":54},"skip":true},"36":{"start":{"line":125,"column":12},"end":{"line":140,"column":14},"skip":true},"37":{"start":{"line":126,"column":16},"end":{"line":126,"column":28},"skip":true},"38":{"start":{"line":127,"column":16},"end":{"line":127,"column":69},"skip":true},"39":{"start":{"line":128,"column":16},"end":{"line":128,"column":75},"skip":true},"40":{"start":{"line":129,"column":16},"end":{"line":131,"column":17},"skip":true},"41":{"start":{"line":130,"column":20},"end":{"line":130,"column":27},"skip":true},"42":{"start":{"line":133,"column":16},"end":{"line":137,"column":36},"skip":true},"43":{"start":{"line":134,"column":20},"end":{"line":136,"column":55},"skip":true},"44":{"start":{"line":139,"column":16},"end":{"line":139,"column":57},"skip":true},"45":{"start":{"line":143,"column":8},"end":{"line":147,"column":11},"skip":true},"46":{"start":{"line":144,"column":12},"end":{"line":146,"column":15},"skip":true},"47":{"start":{"line":145,"column":16},"end":{"line":145,"column":70},"skip":true},"48":{"start":{"line":149,"column":8},"end":{"line":149,"column":31},"skip":true},"49":{"start":{"line":150,"column":8},"end":{"line":150,"column":14},"skip":true},"50":{"start":{"line":158,"column":8},"end":{"line":158,"column":31},"skip":true},"51":{"start":{"line":160,"column":8},"end":{"line":160,"column":33},"skip":true},"52":{"start":{"line":161,"column":8},"end":{"line":161,"column":37},"skip":true},"53":{"start":{"line":162,"column":8},"end":{"line":162,"column":35},"skip":true},"54":{"start":{"line":164,"column":8},"end":{"line":164,"column":50},"skip":true},"55":{"start":{"line":166,"column":8},"end":{"line":256,"column":2},"skip":true},"56":{"start":{"line":258,"column":8},"end":{"line":286,"column":9},"skip":true},"57":{"start":{"line":259,"column":12},"end":{"line":269,"column":14},"skip":true},"58":{"start":{"line":271,"column":12},"end":{"line":285,"column":19},"skip":true},"59":{"start":{"line":274,"column":20},"end":{"line":274,"column":35},"skip":true},"60":{"start":{"line":275,"column":20},"end":{"line":284,"column":21},"skip":true},"61":{"start":{"line":277,"column":24},"end":{"line":277,"column":64},"skip":true},"62":{"start":{"line":279,"column":24},"end":{"line":279,"column":40},"skip":true},"63":{"start":{"line":281,"column":24},"end":{"line":281,"column":40},"skip":true},"64":{"start":{"line":283,"column":24},"end":{"line":283,"column":39},"skip":true},"65":{"start":{"line":288,"column":8},"end":{"line":290,"column":9},"skip":true},"66":{"start":{"line":289,"column":12},"end":{"line":289,"column":18},"skip":true},"67":{"start":{"line":291,"column":8},"end":{"line":293,"column":54},"skip":true},"68":{"start":{"line":294,"column":8},"end":{"line":301,"column":37},"skip":true},"69":{"start":{"line":302,"column":8},"end":{"line":302,"column":82},"skip":true},"70":{"start":{"line":305,"column":8},"end":{"line":307,"column":9},"skip":true},"71":{"start":{"line":306,"column":12},"end":{"line":306,"column":82},"skip":true},"72":{"start":{"line":309,"column":8},"end":{"line":311,"column":9},"skip":true},"73":{"start":{"line":310,"column":12},"end":{"line":310,"column":18},"skip":true},"74":{"start":{"line":312,"column":8},"end":{"line":312,"column":54},"skip":true},"75":{"start":{"line":313,"column":8},"end":{"line":313,"column":69},"skip":true},"76":{"start":{"line":314,"column":8},"end":{"line":322,"column":36},"skip":true},"77":{"start":{"line":315,"column":12},"end":{"line":315,"column":61},"skip":true},"78":{"start":{"line":316,"column":12},"end":{"line":319,"column":13},"skip":true},"79":{"start":{"line":317,"column":16},"end":{"line":317,"column":75},"skip":true},"80":{"start":{"line":318,"column":16},"end":{"line":318,"column":23},"skip":true},"81":{"start":{"line":320,"column":12},"end":{"line":320,"column":38},"skip":true},"82":{"start":{"line":321,"column":12},"end":{"line":321,"column":27},"skip":true},"83":{"start":{"line":323,"column":8},"end":{"line":323,"column":14},"skip":true}},"branchMap":{"1":{"line":39,"type":"binary-expr","locations":[{"start":{"line":39,"column":23},"end":{"line":39,"column":62}},{"start":{"line":40,"column":20},"end":{"line":40,"column":70}},{"start":{"line":41,"column":20},"end":{"line":41,"column":71}},{"start":{"line":42,"column":20},"end":{"line":42,"column":29}}]},"2":{"line":44,"type":"binary-expr","locations":[{"start":{"line":44,"column":23},"end":{"line":44,"column":37}},{"start":{"line":45,"column":20},"end":{"line":45,"column":61}},{"start":{"line":46,"column":20},"end":{"line":46,"column":70}},{"start":{"line":47,"column":20},"end":{"line":47,"column":26}}]},"3":{"line":51,"type":"cond-expr","locations":[{"start":{"line":52,"column":14},"end":{"line":52,"column":20}},{"start":{"line":53,"column":14},"end":{"line":53,"column":20}}]},"4":{"line":55,"type":"binary-expr","locations":[{"start":{"line":55,"column":16},"end":{"line":55,"column":44}},{"start":{"line":55,"column":49},"end":{"line":57,"column":43}}]},"5":{"line":55,"type":"cond-expr","locations":[{"start":{"line":56,"column":14},"end":{"line":56,"column":59}},{"start":{"line":57,"column":14},"end":{"line":57,"column":43}}]},"6":{"line":61,"type":"switch","locations":[{"start":{"line":68,"column":4},"end":{"line":150,"column":14},"skip":true},{"start":{"line":156,"column":4},"end":{"line":323,"column":14},"skip":true}]},"7":{"line":70,"type":"if","locations":[{"start":{"line":70,"column":12},"end":{"line":70,"column":12},"skip":true},{"start":{"line":70,"column":12},"end":{"line":70,"column":12},"skip":true}]},"8":{"line":70,"type":"binary-expr","locations":[{"start":{"line":70,"column":16},"end":{"line":70,"column":22},"skip":true},{"start":{"line":70,"column":27},"end":{"line":70,"column":32},"skip":true},{"start":{"line":71,"column":20},"end":{"line":71,"column":39},"skip":true},{"start":{"line":72,"column":20},"end":{"line":72,"column":49},"skip":true},{"start":{"line":73,"column":20},"end":{"line":73,"column":58},"skip":true},{"start":{"line":74,"column":20},"end":{"line":74,"column":69},"skip":true}]},"9":{"line":79,"type":"switch","locations":[{"start":{"line":80,"column":20},"end":{"line":80,"column":33},"skip":true},{"start":{"line":81,"column":20},"end":{"line":83,"column":30},"skip":true},{"start":{"line":84,"column":20},"end":{"line":85,"column":49},"skip":true}]},"10":{"line":89,"type":"switch","locations":[{"start":{"line":90,"column":12},"end":{"line":103,"column":22},"skip":true},{"start":{"line":105,"column":12},"end":{"line":106,"column":22},"skip":true}]},"11":{"line":89,"type":"binary-expr","locations":[{"start":{"line":89,"column":20},"end":{"line":89,"column":25},"skip":true},{"start":{"line":89,"column":29},"end":{"line":89,"column":48},"skip":true},{"start":{"line":89,"column":52},"end":{"line":89,"column":74},"skip":true}]},"12":{"line":92,"type":"if","locations":[{"start":{"line":92,"column":16},"end":{"line":92,"column":16},"skip":true},{"start":{"line":92,"column":16},"end":{"line":92,"column":16},"skip":true}]},"13":{"line":108,"type":"if","locations":[{"start":{"line":108,"column":12},"end":{"line":108,"column":12},"skip":true},{"start":{"line":108,"column":12},"end":{"line":108,"column":12},"skip":true}]},"14":{"line":108,"type":"binary-expr","locations":[{"start":{"line":108,"column":16},"end":{"line":108,"column":61},"skip":true},{"start":{"line":108,"column":66},"end":{"line":108,"column":72},"skip":true},{"start":{"line":108,"column":77},"end":{"line":108,"column":82},"skip":true},{"start":{"line":109,"column":20},"end":{"line":109,"column":39},"skip":true},{"start":{"line":110,"column":20},"end":{"line":110,"column":49},"skip":true},{"start":{"line":111,"column":20},"end":{"line":111,"column":58},"skip":true},{"start":{"line":112,"column":20},"end":{"line":112,"column":68},"skip":true}]},"15":{"line":129,"type":"if","locations":[{"start":{"line":129,"column":16},"end":{"line":129,"column":16},"skip":true},{"start":{"line":129,"column":16},"end":{"line":129,"column":16},"skip":true}]},"16":{"line":134,"type":"cond-expr","locations":[{"start":{"line":135,"column":26},"end":{"line":135,"column":29},"skip":true},{"start":{"line":136,"column":26},"end":{"line":136,"column":54},"skip":true}]},"17":{"line":164,"type":"binary-expr","locations":[{"start":{"line":164,"column":27},"end":{"line":164,"column":43},"skip":true},{"start":{"line":164,"column":47},"end":{"line":164,"column":49},"skip":true}]},"18":{"line":258,"type":"if","locations":[{"start":{"line":258,"column":8},"end":{"line":258,"column":8},"skip":true},{"start":{"line":258,"column":8},"end":{"line":258,"column":8},"skip":true}]},"19":{"line":275,"type":"switch","locations":[{"start":{"line":276,"column":20},"end":{"line":277,"column":64},"skip":true},{"start":{"line":278,"column":20},"end":{"line":279,"column":40},"skip":true},{"start":{"line":280,"column":20},"end":{"line":281,"column":40},"skip":true},{"start":{"line":282,"column":20},"end":{"line":283,"column":39},"skip":true}]},"20":{"line":288,"type":"if","locations":[{"start":{"line":288,"column":8},"end":{"line":288,"column":8},"skip":true},{"start":{"line":288,"column":8},"end":{"line":288,"column":8},"skip":true}]},"21":{"line":288,"type":"binary-expr","locations":[{"start":{"line":288,"column":12},"end":{"line":288,"column":40},"skip":true},{"start":{"line":288,"column":44},"end":{"line":288,"column":67},"skip":true}]},"22":{"line":292,"type":"binary-expr","locations":[{"start":{"line":292,"column":12},"end":{"line":292,"column":50},"skip":true},{"start":{"line":293,"column":12},"end":{"line":293,"column":53},"skip":true}]},"23":{"line":295,"type":"binary-expr","locations":[{"start":{"line":295,"column":12},"end":{"line":295,"column":73},"skip":true},{"start":{"line":296,"column":12},"end":{"line":301,"column":36},"skip":true}]},"24":{"line":302,"type":"binary-expr","locations":[{"start":{"line":302,"column":43},"end":{"line":302,"column":75},"skip":true},{"start":{"line":302,"column":79},"end":{"line":302,"column":81},"skip":true}]},"25":{"line":305,"type":"if","locations":[{"start":{"line":305,"column":8},"end":{"line":305,"column":8},"skip":true},{"start":{"line":305,"column":8},"end":{"line":305,"column":8},"skip":true}]},"26":{"line":309,"type":"if","locations":[{"start":{"line":309,"column":8},"end":{"line":309,"column":8},"skip":true},{"start":{"line":309,"column":8},"end":{"line":309,"column":8},"skip":true}]},"27":{"line":312,"type":"binary-expr","locations":[{"start":{"line":312,"column":27},"end":{"line":312,"column":43},"skip":true},{"start":{"line":312,"column":47},"end":{"line":312,"column":53},"skip":true}]},"28":{"line":316,"type":"if","locations":[{"start":{"line":316,"column":12},"end":{"line":316,"column":12},"skip":true},{"start":{"line":316,"column":12},"end":{"line":316,"column":12},"skip":true}]}},"code":["/*","example.js","","quickstart example","","instruction","    1. save this script as example.js","    2. run the shell command:","        $ npm install npmtest-moment-timezone && PORT=8081 node example.js","    3. play with the browser-demo on http://127.0.0.1:8081","*/","","","","/* istanbul instrument in package npmtest_moment_timezone */","/*jslint","    bitwise: true,","    browser: true,","    maxerr: 8,","    maxlen: 96,","    node: true,","    nomen: true,","    regexp: true,","    stupid: true","*/","(function () {","    'use strict';","    var local;","","","","    // run shared js-env code - pre-init","    (function () {","        // init local","        local = {};","        // init modeJs","        local.modeJs = (function () {","            try {","                return typeof navigator.userAgent === 'string' &&","                    typeof document.querySelector('body') === 'object' &&","                    typeof XMLHttpRequest.prototype.open === 'function' &&","                    'browser';","            } catch (errorCaughtBrowser) {","                return module.exports &&","                    typeof process.versions.node === 'string' &&","                    typeof require('http').createServer === 'function' &&","                    'node';","            }","        }());","        // init global","        local.global = local.modeJs === 'browser'","            ? window","            : global;","        // init utility2_rollup","        local = local.global.utility2_rollup || (local.modeJs === 'browser'","            ? local.global.utility2_npmtest_moment_timezone","            : global.utility2_moduleExports);","        // export local","        local.global.local = local;","    }());","    switch (local.modeJs) {","","","","    // post-init","    // run browser js-env code - post-init","    /* istanbul ignore next */","    case 'browser':","        local.testRunBrowser = function (event) {","            if (!event || (event &&","                    event.currentTarget &&","                    event.currentTarget.className &&","                    event.currentTarget.className.includes &&","                    event.currentTarget.className.includes('onreset'))) {","                // reset output","                Array.from(","                    document.querySelectorAll('body > .resettable')","                ).forEach(function (element) {","                    switch (element.tagName) {","                    case 'INPUT':","                    case 'TEXTAREA':","                        element.value = '';","                        break;","                    default:","                        element.textContent = '';","                    }","                });","            }","            switch (event && event.currentTarget && event.currentTarget.id) {","            case 'testRunButton1':","                // show tests","                if (document.querySelector('#testReportDiv1').style.display === 'none') {","                    document.querySelector('#testReportDiv1').style.display = 'block';","                    document.querySelector('#testRunButton1').textContent =","                        'hide internal test';","                    local.modeTest = true;","                    local.testRunDefault(local);","                // hide tests","                } else {","                    document.querySelector('#testReportDiv1').style.display = 'none';","                    document.querySelector('#testRunButton1').textContent = 'run internal test';","                }","                break;","            // custom-case","            default:","                break;","            }","            if (document.querySelector('#inputTextareaEval1') && (!event || (event &&","                    event.currentTarget &&","                    event.currentTarget.className &&","                    event.currentTarget.className.includes &&","                    event.currentTarget.className.includes('oneval')))) {","                // try to eval input-code","                try {","                    /*jslint evil: true*/","                    eval(document.querySelector('#inputTextareaEval1').value);","                } catch (errorCaught) {","                    console.error(errorCaught.stack);","                }","            }","        };","        // log stderr and stdout to #outputTextareaStdout1","        ['error', 'log'].forEach(function (key) {","            console[key + '_original'] = console[key];","            console[key] = function () {","                var element;","                console[key + '_original'].apply(console, arguments);","                element = document.querySelector('#outputTextareaStdout1');","                if (!element) {","                    return;","                }","                // append text to #outputTextareaStdout1","                element.value += Array.from(arguments).map(function (arg) {","                    return typeof arg === 'string'","                        ? arg","                        : JSON.stringify(arg, null, 4);","                }).join(' ') + '\\n';","                // scroll textarea to bottom","                element.scrollTop = element.scrollHeight;","            };","        });","        // init event-handling","        ['change', 'click', 'keyup'].forEach(function (event) {","            Array.from(document.querySelectorAll('.on' + event)).forEach(function (element) {","                element.addEventListener(event, local.testRunBrowser);","            });","        });","        // run tests","        local.testRunBrowser();","        break;","","","","    // run node js-env code - post-init","    /* istanbul ignore next */","    case 'node':","        // export local","        module.exports = local;","        // require modules","        local.fs = require('fs');","        local.http = require('http');","        local.url = require('url');","        // init assets","        local.assetsDict = local.assetsDict || {};","        /* jslint-ignore-begin */","        local.assetsDict['/assets.index.template.html'] = '\\","<!doctype html>\\n\\","<html lang=\"en\">\\n\\","<head>\\n\\","<meta charset=\"UTF-8\">\\n\\","<meta name=\"viewport\" content=\"width=device-width, initial-scale=1\">\\n\\","<title>{{env.npm_package_name}} (v{{env.npm_package_version}})</title>\\n\\","<style>\\n\\","/*csslint\\n\\","    box-sizing: false,\\n\\","    universal-selector: false\\n\\","*/\\n\\","* {\\n\\","    box-sizing: border-box;\\n\\","}\\n\\","body {\\n\\","    background: #dde;\\n\\","    font-family: Arial, Helvetica, sans-serif;\\n\\","    margin: 2rem;\\n\\","}\\n\\","body > * {\\n\\","    margin-bottom: 1rem;\\n\\","}\\n\\",".utility2FooterDiv {\\n\\","    margin-top: 20px;\\n\\","    text-align: center;\\n\\","}\\n\\","</style>\\n\\","<style>\\n\\","/*csslint\\n\\","*/\\n\\","textarea {\\n\\","    font-family: monospace;\\n\\","    height: 10rem;\\n\\","    width: 100%;\\n\\","}\\n\\","textarea[readonly] {\\n\\","    background: #ddd;\\n\\","}\\n\\","</style>\\n\\","</head>\\n\\","<body>\\n\\","<!-- utility2-comment\\n\\","<div id=\"ajaxProgressDiv1\" style=\"background: #d00; height: 2px; left: 0; margin: 0; padding: 0; position: fixed; top: 0; transition: background 0.5s, width 1.5s; width: 25%;\"></div>\\n\\","utility2-comment -->\\n\\","<h1>\\n\\","<!-- utility2-comment\\n\\","    <a\\n\\","        {{#if env.npm_package_homepage}}\\n\\","        href=\"{{env.npm_package_homepage}}\"\\n\\","        {{/if env.npm_package_homepage}}\\n\\","        target=\"_blank\"\\n\\","    >\\n\\","utility2-comment -->\\n\\","        {{env.npm_package_name}} (v{{env.npm_package_version}})\\n\\","<!-- utility2-comment\\n\\","    </a>\\n\\","utility2-comment -->\\n\\","</h1>\\n\\","<h3>{{env.npm_package_description}}</h3>\\n\\","<!-- utility2-comment\\n\\","<h4><a download href=\"assets.app.js\">download standalone app</a></h4>\\n\\","<button class=\"onclick onreset\" id=\"testRunButton1\">run internal test</button><br>\\n\\","<div id=\"testReportDiv1\" style=\"display: none;\"></div>\\n\\","utility2-comment -->\\n\\","\\n\\","\\n\\","\\n\\","<label>stderr and stdout</label>\\n\\","<textarea class=\"resettable\" id=\"outputTextareaStdout1\" readonly></textarea>\\n\\","<!-- utility2-comment\\n\\","{{#if isRollup}}\\n\\","<script src=\"assets.app.js\"></script>\\n\\","{{#unless isRollup}}\\n\\","utility2-comment -->\\n\\","<script src=\"assets.utility2.rollup.js\"></script>\\n\\","<script src=\"jsonp.utility2._stateInit?callback=window.utility2._stateInit\"></script>\\n\\","<script src=\"assets.npmtest_moment_timezone.rollup.js\"></script>\\n\\","<script src=\"assets.example.js\"></script>\\n\\","<script src=\"assets.test.js\"></script>\\n\\","<!-- utility2-comment\\n\\","{{/if isRollup}}\\n\\","utility2-comment -->\\n\\","<div class=\"utility2FooterDiv\">\\n\\","    [ this app was created with\\n\\","    <a href=\"https://github.com/kaizhu256/node-utility2\" target=\"_blank\">utility2</a>\\n\\","    ]\\n\\","</div>\\n\\","</body>\\n\\","</html>\\n\\","';","        /* jslint-ignore-end */","        if (local.templateRender) {","            local.assetsDict['/'] = local.templateRender(","                local.assetsDict['/assets.index.template.html'],","                {","                    env: local.objectSetDefault(local.env, {","                        npm_package_description: 'the greatest app in the world!',","                        npm_package_name: 'my-app',","                        npm_package_nameAlias: 'my_app',","                        npm_package_version: '0.0.1'","                    })","                }","            );","        } else {","            local.assetsDict['/'] = local.assetsDict['/assets.index.template.html']","                .replace((/\\{\\{env\\.(\\w+?)\\}\\}/g), function (match0, match1) {","                    // jslint-hack","                    String(match0);","                    switch (match1) {","                    case 'npm_package_description':","                        return 'the greatest app in the world!';","                    case 'npm_package_name':","                        return 'my-app';","                    case 'npm_package_nameAlias':","                        return 'my_app';","                    case 'npm_package_version':","                        return '0.0.1';","                    }","                });","        }","        // run the cli","        if (local.global.utility2_rollup || module !== require.main) {","            break;","        }","        local.assetsDict['/assets.example.js'] =","            local.assetsDict['/assets.example.js'] ||","            local.fs.readFileSync(__filename, 'utf8');","        local.assetsDict['/assets.npmtest_moment_timezone.rollup.js'] =","            local.assetsDict['/assets.npmtest_moment_timezone.rollup.js'] ||","            local.fs.readFileSync(","                // buildCustomOrg-hack","                local.npmtest_moment_timezone.__dirname +","                    '/lib.npmtest_moment_timezone.js',","                'utf8'","            ).replace((/^#!/), '//');","        local.assetsDict['/favicon.ico'] = local.assetsDict['/favicon.ico'] || '';","        // if $npm_config_timeout_exit exists,","        // then exit this process after $npm_config_timeout_exit ms","        if (Number(process.env.npm_config_timeout_exit)) {","            setTimeout(process.exit, Number(process.env.npm_config_timeout_exit));","        }","        // start server","        if (local.global.utility2_serverHttp1) {","            break;","        }","        process.env.PORT = process.env.PORT || '8081';","        console.error('server starting on port ' + process.env.PORT);","        local.http.createServer(function (request, response) {","            request.urlParsed = local.url.parse(request.url);","            if (local.assetsDict[request.urlParsed.pathname] !== undefined) {","                response.end(local.assetsDict[request.urlParsed.pathname]);","                return;","            }","            response.statusCode = 404;","            response.end();","        }).listen(process.env.PORT);","        break;","    }","}());",""],"l":{"26":2,"28":2,"33":2,"35":2,"37":2,"38":2,"39":2,"44":1,"51":2,"55":2,"59":2,"61":2,"69":1,"70":2,"76":2,"79":2,"82":2,"83":2,"85":1,"89":2,"92":1,"93":1,"94":1,"96":1,"97":1,"100":1,"101":1,"103":1,"106":1,"108":2,"114":1,"116":1,"118":1,"123":1,"124":2,"125":2,"126":2,"127":2,"128":2,"129":2,"130":1,"133":2,"134":2,"139":2,"143":1,"144":3,"145":1,"149":1,"150":1,"158":1,"160":1,"161":1,"162":1,"164":1,"166":1,"258":1,"259":1,"271":1,"274":6,"275":6,"277":1,"279":2,"281":1,"283":2,"288":1,"289":1,"291":1,"294":1,"302":1,"305":1,"306":1,"309":1,"310":1,"312":1,"313":1,"314":1,"315":1,"316":1,"317":1,"318":1,"320":1,"321":1,"323":1}},"/home/travis/build/npmtest/node-npmtest-moment-timezone/moment-timezone/index.js":{"path":"/home/travis/build/npmtest/node-npmtest-moment-timezone/moment-timezone/index.js","s":{"1":1,"2":1},"b":{},"f":{},"fnMap":{},"statementMap":{"1":{"start":{"line":1,"column":0},"end":{"line":1,"column":59}},"2":{"start":{"line":2,"column":0},"end":{"line":2,"column":53}}},"branchMap":{},"code":["var moment = module.exports = require(\"./moment-timezone\");","moment.tz.load(require('./data/packed/latest.json'));",""],"l":{"1":1,"2":1}},"/home/travis/build/npmtest/node-npmtest-moment-timezone/moment-timezone/moment-timezone.js":{"path":"/home/travis/build/npmtest/node-npmtest-moment-timezone/moment-timezone/moment-timezone.js","s":{"1":1,"2":1,"3":0,"4":1,"5":1,"6":0,"7":1,"8":1,"9":0,"10":1,"11":2517,"12":385,"13":2132,"14":189,"15":1943,"16":1,"17":1195,"18":1195,"19":626,"20":626,"21":1195,"22":2322,"23":2322,"24":1195,"25":195,"26":195,"27":195,"28":1195,"29":1,"30":308,"31":1195,"32":1,"33":0,"34":0,"35":0,"36":1,"37":0,"38":0,"39":0,"40":0,"41":1,"42":0,"43":0,"44":0,"45":0,"46":0,"47":0,"48":1,"49":0,"50":0,"51":1,"52":0,"53":0,"54":0,"55":0,"56":0,"57":0,"58":0,"59":0,"60":0,"61":0,"62":0,"63":0,"64":0,"65":0,"66":0,"67":0,"68":0,"69":0,"70":0,"71":0,"72":0,"73":0,"74":0,"75":1,"76":0,"77":0,"78":0,"79":0,"80":0,"81":0,"82":0,"83":0,"84":0,"85":0,"86":0,"87":0,"88":1,"89":0,"90":0,"91":0,"92":1,"93":0,"94":0,"95":0,"96":1,"97":0,"98":0,"99":0,"100":0,"101":0,"102":0,"103":0,"104":1,"105":0,"106":0,"107":0,"108":0,"109":0,"110":0,"111":0,"112":0,"113":0,"114":0,"115":0,"116":0,"117":1,"118":0,"119":0,"120":0,"121":0,"122":0,"123":1,"124":308,"125":308,"126":308,"127":1195,"128":1195,"129":1195,"130":1,"131":0,"132":0,"133":0,"134":0,"135":0,"136":0,"137":0,"138":0,"139":0,"140":0,"141":1,"142":0,"143":0,"144":0,"145":0,"146":0,"147":0,"148":0,"149":0,"150":0,"151":0,"152":0,"153":0,"154":0,"155":0,"156":0,"157":1,"158":0,"159":0,"160":0,"161":1,"162":812,"163":1,"164":1,"165":1,"166":0,"167":1,"168":374,"169":374,"170":374,"171":374,"172":374,"173":374,"174":308,"175":1,"176":0,"177":0,"178":0,"179":0,"180":0,"181":0,"182":0,"183":0,"184":0,"185":0,"186":0,"187":0,"188":0,"189":0,"190":0,"191":1,"192":0,"193":0,"194":0,"195":0,"196":0,"197":1,"198":1,"199":1,"200":0,"201":1,"202":219,"203":219,"204":219,"205":219,"206":219,"207":219,"208":219,"209":1,"210":1,"211":1,"212":1,"213":1,"214":0,"215":0,"216":0,"217":0,"218":1,"219":0,"220":1,"221":0,"222":0,"223":1,"224":0,"225":0,"226":0,"227":0,"228":0,"229":1,"230":1,"231":1,"232":1,"233":1,"234":1,"235":1,"236":1,"237":1,"238":1,"239":1,"240":1,"241":1,"242":1,"243":1,"244":1,"245":1,"246":1,"247":1,"248":1,"249":1,"250":1,"251":0,"252":0,"253":0,"254":0,"255":0,"256":0,"257":0,"258":0,"259":0,"260":0,"261":0,"262":0,"263":0,"264":1,"265":0,"266":0,"267":0,"268":0,"269":0,"270":0,"271":0,"272":0,"273":1,"274":2,"275":0,"276":0,"277":0,"278":1,"279":1,"280":0,"281":0,"282":1,"283":1,"284":1,"285":1,"286":0,"287":0,"288":0,"289":0,"290":1,"291":1,"292":1,"293":1,"294":0,"295":0,"296":1},"b":{"1":[0,1],"2":[1,0],"3":[1,0],"4":[1,1],"5":[0,1],"6":[1,1,1],"7":[385,2132],"8":[189,1943],"9":[1195,1000],"10":[626,569],"11":[0,0],"12":[0,0],"13":[0,0],"14":[0,0],"15":[0,0],"16":[0,0],"17":[0,0],"18":[0,0],"19":[0,0],"20":[0,0],"21":[0,0],"22":[0,0],"23":[0,0],"24":[0,0],"25":[0,0],"26":[0,0],"27":[0,0],"28":[0,0],"29":[0,0],"30":[1195,266],"31":[0,0],"32":[0,0],"33":[0,0],"34":[0,0],"35":[0,0],"36":[0,0],"37":[0,0],"38":[0,0],"39":[812,0],"40":[0,1],"41":[308,66],"42":[0,0],"43":[0,0],"44":[0,0],"45":[0,0,0],"46":[0,0],"47":[0,0,0,0],"48":[0,1],"49":[0,0],"50":[0,0],"51":[0,0],"52":[0,0],"53":[0,0],"54":[0,0,0],"55":[0,0],"56":[0,0],"57":[0,0,0],"58":[0,0],"59":[0,0],"60":[0,0],"61":[0,0],"62":[0,0],"63":[0,0],"64":[0,0],"65":[0,0],"66":[0,0,0],"67":[0,0],"68":[1,0],"69":[0,0]},"f":{"1":1,"2":1,"3":2517,"4":1195,"5":308,"6":0,"7":0,"8":0,"9":0,"10":0,"11":0,"12":0,"13":0,"14":0,"15":0,"16":0,"17":0,"18":0,"19":0,"20":0,"21":308,"22":0,"23":0,"24":0,"25":812,"26":1,"27":0,"28":0,"29":1,"30":1,"31":0,"32":0,"33":0,"34":0,"35":0,"36":0,"37":2,"38":0,"39":1,"40":0,"41":0},"fnMap":{"1":{"name":"(anonymous_1)","line":7,"loc":{"start":{"line":7,"column":1},"end":{"line":7,"column":26}}},"2":{"name":"(anonymous_2)","line":18,"loc":{"start":{"line":18,"column":8},"end":{"line":18,"column":26}}},"3":{"name":"charCodeToInt","line":47,"loc":{"start":{"line":47,"column":1},"end":{"line":47,"column":34}}},"4":{"name":"unpackBase60","line":56,"loc":{"start":{"line":56,"column":1},"end":{"line":56,"column":31}}},"5":{"name":"arrayToInt","line":88,"loc":{"start":{"line":88,"column":1},"end":{"line":88,"column":29}}},"6":{"name":"intToUntil","line":94,"loc":{"start":{"line":94,"column":1},"end":{"line":94,"column":37}}},"7":{"name":"mapIndices","line":102,"loc":{"start":{"line":102,"column":1},"end":{"line":102,"column":39}}},"8":{"name":"unpack","line":112,"loc":{"start":{"line":112,"column":1},"end":{"line":112,"column":26}}},"9":{"name":"Zone","line":137,"loc":{"start":{"line":137,"column":1},"end":{"line":137,"column":30}}},"10":{"name":"(anonymous_10)","line":144,"loc":{"start":{"line":144,"column":9},"end":{"line":144,"column":29}}},"11":{"name":"(anonymous_11)","line":152,"loc":{"start":{"line":152,"column":11},"end":{"line":152,"column":32}}},"12":{"name":"(anonymous_12)","line":164,"loc":{"start":{"line":164,"column":10},"end":{"line":164,"column":31}}},"13":{"name":"(anonymous_13)","line":190,"loc":{"start":{"line":190,"column":9},"end":{"line":190,"column":24}}},"14":{"name":"(anonymous_14)","line":194,"loc":{"start":{"line":194,"column":11},"end":{"line":194,"column":26}}},"15":{"name":"OffsetAt","line":203,"loc":{"start":{"line":203,"column":1},"end":{"line":203,"column":23}}},"16":{"name":"ZoneScore","line":227,"loc":{"start":{"line":227,"column":1},"end":{"line":227,"column":26}}},"17":{"name":"(anonymous_17)","line":233,"loc":{"start":{"line":233,"column":37},"end":{"line":233,"column":57}}},"18":{"name":"findChange","line":240,"loc":{"start":{"line":240,"column":1},"end":{"line":240,"column":32}}},"19":{"name":"userOffsets","line":255,"loc":{"start":{"line":255,"column":1},"end":{"line":255,"column":24}}},"20":{"name":"sortZoneScores","line":279,"loc":{"start":{"line":279,"column":1},"end":{"line":279,"column":32}}},"21":{"name":"addToGuesses","line":289,"loc":{"start":{"line":289,"column":1},"end":{"line":289,"column":39}}},"22":{"name":"guessesForUserOffsets","line":299,"loc":{"start":{"line":299,"column":1},"end":{"line":299,"column":42}}},"23":{"name":"rebuildGuess","line":323,"loc":{"start":{"line":323,"column":1},"end":{"line":323,"column":26}}},"24":{"name":"guess","line":358,"loc":{"start":{"line":358,"column":1},"end":{"line":358,"column":30}}},"25":{"name":"normalizeName","line":369,"loc":{"start":{"line":369,"column":1},"end":{"line":369,"column":31}}},"26":{"name":"addZone","line":373,"loc":{"start":{"line":373,"column":1},"end":{"line":373,"column":27}}},"27":{"name":"getZone","line":392,"loc":{"start":{"line":392,"column":1},"end":{"line":392,"column":33}}},"28":{"name":"getNames","line":419,"loc":{"start":{"line":419,"column":1},"end":{"line":419,"column":22}}},"29":{"name":"addLink","line":431,"loc":{"start":{"line":431,"column":1},"end":{"line":431,"column":28}}},"30":{"name":"loadData","line":452,"loc":{"start":{"line":452,"column":1},"end":{"line":452,"column":26}}},"31":{"name":"zoneExists","line":458,"loc":{"start":{"line":458,"column":1},"end":{"line":458,"column":28}}},"32":{"name":"needsOffset","line":466,"loc":{"start":{"line":466,"column":1},"end":{"line":466,"column":26}}},"33":{"name":"logError","line":470,"loc":{"start":{"line":470,"column":1},"end":{"line":470,"column":29}}},"34":{"name":"tz","line":480,"loc":{"start":{"line":480,"column":1},"end":{"line":480,"column":21}}},"35":{"name":"(anonymous_35)","line":524,"loc":{"start":{"line":524,"column":23},"end":{"line":524,"column":48}}},"36":{"name":"(anonymous_36)","line":548,"loc":{"start":{"line":548,"column":9},"end":{"line":548,"column":25}}},"37":{"name":"abbrWrap","line":561,"loc":{"start":{"line":561,"column":1},"end":{"line":561,"column":25}}},"38":{"name":"(anonymous_38)","line":562,"loc":{"start":{"line":562,"column":9},"end":{"line":562,"column":21}}},"39":{"name":"resetZoneWrap","line":568,"loc":{"start":{"line":568,"column":1},"end":{"line":568,"column":30}}},"40":{"name":"(anonymous_40)","line":569,"loc":{"start":{"line":569,"column":9},"end":{"line":569,"column":21}}},"41":{"name":"(anonymous_41)","line":579,"loc":{"start":{"line":579,"column":24},"end":{"line":579,"column":39}}}},"statementMap":{"1":{"start":{"line":7,"column":0},"end":{"line":601,"column":4}},"2":{"start":{"line":11,"column":1},"end":{"line":17,"column":2}},"3":{"start":{"line":12,"column":2},"end":{"line":12,"column":30}},"4":{"start":{"line":13,"column":8},"end":{"line":17,"column":2}},"5":{"start":{"line":14,"column":2},"end":{"line":14,"column":46}},"6":{"start":{"line":16,"column":2},"end":{"line":16,"column":23}},"7":{"start":{"line":27,"column":1},"end":{"line":36,"column":28}},"8":{"start":{"line":39,"column":1},"end":{"line":41,"column":2}},"9":{"start":{"line":40,"column":2},"end":{"line":40,"column":124}},"10":{"start":{"line":47,"column":1},"end":{"line":54,"column":2}},"11":{"start":{"line":48,"column":2},"end":{"line":52,"column":3}},"12":{"start":{"line":49,"column":3},"end":{"line":49,"column":24}},"13":{"start":{"line":50,"column":9},"end":{"line":52,"column":3}},"14":{"start":{"line":51,"column":3},"end":{"line":51,"column":24}},"15":{"start":{"line":53,"column":2},"end":{"line":53,"column":23}},"16":{"start":{"line":56,"column":1},"end":{"line":86,"column":2}},"17":{"start":{"line":57,"column":2},"end":{"line":64,"column":12}},"18":{"start":{"line":67,"column":2},"end":{"line":70,"column":3}},"19":{"start":{"line":68,"column":3},"end":{"line":68,"column":9}},"20":{"start":{"line":69,"column":3},"end":{"line":69,"column":13}},"21":{"start":{"line":73,"column":2},"end":{"line":76,"column":3}},"22":{"start":{"line":74,"column":3},"end":{"line":74,"column":44}},"23":{"start":{"line":75,"column":3},"end":{"line":75,"column":24}},"24":{"start":{"line":79,"column":2},"end":{"line":83,"column":3}},"25":{"start":{"line":80,"column":3},"end":{"line":80,"column":32}},"26":{"start":{"line":81,"column":3},"end":{"line":81,"column":49}},"27":{"start":{"line":82,"column":3},"end":{"line":82,"column":27}},"28":{"start":{"line":85,"column":2},"end":{"line":85,"column":20}},"29":{"start":{"line":88,"column":1},"end":{"line":92,"column":2}},"30":{"start":{"line":89,"column":2},"end":{"line":91,"column":3}},"31":{"start":{"line":90,"column":3},"end":{"line":90,"column":37}},"32":{"start":{"line":94,"column":1},"end":{"line":100,"column":2}},"33":{"start":{"line":95,"column":2},"end":{"line":97,"column":3}},"34":{"start":{"line":96,"column":3},"end":{"line":96,"column":67}},"35":{"start":{"line":99,"column":2},"end":{"line":99,"column":31}},"36":{"start":{"line":102,"column":1},"end":{"line":110,"column":2}},"37":{"start":{"line":103,"column":2},"end":{"line":103,"column":18}},"38":{"start":{"line":105,"column":2},"end":{"line":107,"column":3}},"39":{"start":{"line":106,"column":3},"end":{"line":106,"column":31}},"40":{"start":{"line":109,"column":2},"end":{"line":109,"column":13}},"41":{"start":{"line":112,"column":1},"end":{"line":131,"column":2}},"42":{"start":{"line":113,"column":2},"end":{"line":116,"column":32}},"43":{"start":{"line":118,"column":2},"end":{"line":118,"column":22}},"44":{"start":{"line":119,"column":2},"end":{"line":119,"column":22}},"45":{"start":{"line":120,"column":2},"end":{"line":120,"column":21}},"46":{"start":{"line":122,"column":2},"end":{"line":122,"column":37}},"47":{"start":{"line":124,"column":2},"end":{"line":130,"column":4}},"48":{"start":{"line":137,"column":1},"end":{"line":141,"column":2}},"49":{"start":{"line":138,"column":2},"end":{"line":140,"column":3}},"50":{"start":{"line":139,"column":3},"end":{"line":139,"column":35}},"51":{"start":{"line":143,"column":1},"end":{"line":197,"column":3}},"52":{"start":{"line":145,"column":3},"end":{"line":145,"column":35}},"53":{"start":{"line":146,"column":3},"end":{"line":146,"column":36}},"54":{"start":{"line":147,"column":3},"end":{"line":147,"column":37}},"55":{"start":{"line":148,"column":3},"end":{"line":148,"column":38}},"56":{"start":{"line":149,"column":3},"end":{"line":149,"column":41}},"57":{"start":{"line":153,"column":3},"end":{"line":155,"column":6}},"58":{"start":{"line":157,"column":3},"end":{"line":161,"column":4}},"59":{"start":{"line":158,"column":4},"end":{"line":160,"column":5}},"60":{"start":{"line":159,"column":5},"end":{"line":159,"column":14}},"61":{"start":{"line":165,"column":3},"end":{"line":169,"column":38}},"62":{"start":{"line":171,"column":3},"end":{"line":185,"column":4}},"63":{"start":{"line":172,"column":4},"end":{"line":172,"column":28}},"64":{"start":{"line":173,"column":4},"end":{"line":173,"column":32}},"65":{"start":{"line":174,"column":4},"end":{"line":174,"column":40}},"66":{"start":{"line":176,"column":4},"end":{"line":180,"column":5}},"67":{"start":{"line":177,"column":5},"end":{"line":177,"column":25}},"68":{"start":{"line":178,"column":11},"end":{"line":180,"column":5}},"69":{"start":{"line":179,"column":5},"end":{"line":179,"column":25}},"70":{"start":{"line":182,"column":4},"end":{"line":184,"column":5}},"71":{"start":{"line":183,"column":5},"end":{"line":183,"column":23}},"72":{"start":{"line":187,"column":3},"end":{"line":187,"column":23}},"73":{"start":{"line":191,"column":3},"end":{"line":191,"column":39}},"74":{"start":{"line":195,"column":3},"end":{"line":195,"column":41}},"75":{"start":{"line":203,"column":1},"end":{"line":225,"column":2}},"76":{"start":{"line":204,"column":2},"end":{"line":204,"column":37}},"77":{"start":{"line":205,"column":2},"end":{"line":205,"column":46}},"78":{"start":{"line":206,"column":2},"end":{"line":216,"column":3}},"79":{"start":{"line":209,"column":3},"end":{"line":209,"column":34}},"80":{"start":{"line":210,"column":3},"end":{"line":210,"column":43}},"81":{"start":{"line":214,"column":3},"end":{"line":214,"column":42}},"82":{"start":{"line":215,"column":3},"end":{"line":215,"column":37}},"83":{"start":{"line":218,"column":2},"end":{"line":220,"column":3}},"84":{"start":{"line":219,"column":3},"end":{"line":219,"column":20}},"85":{"start":{"line":222,"column":2},"end":{"line":222,"column":16}},"86":{"start":{"line":223,"column":2},"end":{"line":223,"column":19}},"87":{"start":{"line":224,"column":2},"end":{"line":224,"column":39}},"88":{"start":{"line":227,"column":1},"end":{"line":231,"column":2}},"89":{"start":{"line":228,"column":2},"end":{"line":228,"column":19}},"90":{"start":{"line":229,"column":2},"end":{"line":229,"column":23}},"91":{"start":{"line":230,"column":2},"end":{"line":230,"column":21}},"92":{"start":{"line":233,"column":1},"end":{"line":238,"column":3}},"93":{"start":{"line":234,"column":2},"end":{"line":234,"column":80}},"94":{"start":{"line":235,"column":2},"end":{"line":237,"column":3}},"95":{"start":{"line":236,"column":3},"end":{"line":236,"column":20}},"96":{"start":{"line":240,"column":1},"end":{"line":253,"column":2}},"97":{"start":{"line":241,"column":2},"end":{"line":241,"column":16}},"98":{"start":{"line":243,"column":2},"end":{"line":250,"column":3}},"99":{"start":{"line":244,"column":3},"end":{"line":244,"column":47}},"100":{"start":{"line":245,"column":3},"end":{"line":249,"column":4}},"101":{"start":{"line":246,"column":4},"end":{"line":246,"column":14}},"102":{"start":{"line":248,"column":4},"end":{"line":248,"column":15}},"103":{"start":{"line":252,"column":2},"end":{"line":252,"column":13}},"104":{"start":{"line":255,"column":1},"end":{"line":277,"column":2}},"105":{"start":{"line":256,"column":2},"end":{"line":259,"column":19}},"106":{"start":{"line":261,"column":2},"end":{"line":269,"column":3}},"107":{"start":{"line":262,"column":3},"end":{"line":262,"column":50}},"108":{"start":{"line":263,"column":3},"end":{"line":267,"column":4}},"109":{"start":{"line":264,"column":4},"end":{"line":264,"column":36}},"110":{"start":{"line":265,"column":4},"end":{"line":265,"column":25}},"111":{"start":{"line":266,"column":4},"end":{"line":266,"column":58}},"112":{"start":{"line":268,"column":3},"end":{"line":268,"column":15}},"113":{"start":{"line":271,"column":2},"end":{"line":274,"column":3}},"114":{"start":{"line":272,"column":3},"end":{"line":272,"column":61}},"115":{"start":{"line":273,"column":3},"end":{"line":273,"column":61}},"116":{"start":{"line":276,"column":2},"end":{"line":276,"column":17}},"117":{"start":{"line":279,"column":1},"end":{"line":287,"column":2}},"118":{"start":{"line":280,"column":2},"end":{"line":282,"column":3}},"119":{"start":{"line":281,"column":3},"end":{"line":281,"column":40}},"120":{"start":{"line":283,"column":2},"end":{"line":285,"column":3}},"121":{"start":{"line":284,"column":3},"end":{"line":284,"column":36}},"122":{"start":{"line":286,"column":2},"end":{"line":286,"column":47}},"123":{"start":{"line":289,"column":1},"end":{"line":297,"column":2}},"124":{"start":{"line":290,"column":2},"end":{"line":290,"column":16}},"125":{"start":{"line":291,"column":2},"end":{"line":291,"column":22}},"126":{"start":{"line":292,"column":2},"end":{"line":296,"column":3}},"127":{"start":{"line":293,"column":3},"end":{"line":293,"column":23}},"128":{"start":{"line":294,"column":3},"end":{"line":294,"column":43}},"129":{"start":{"line":295,"column":3},"end":{"line":295,"column":32}},"130":{"start":{"line":299,"column":1},"end":{"line":321,"column":2}},"131":{"start":{"line":300,"column":2},"end":{"line":303,"column":23}},"132":{"start":{"line":305,"column":2},"end":{"line":312,"column":3}},"133":{"start":{"line":306,"column":3},"end":{"line":306,"column":52}},"134":{"start":{"line":307,"column":3},"end":{"line":311,"column":4}},"135":{"start":{"line":308,"column":4},"end":{"line":310,"column":5}},"136":{"start":{"line":309,"column":5},"end":{"line":309,"column":31}},"137":{"start":{"line":314,"column":2},"end":{"line":318,"column":3}},"138":{"start":{"line":315,"column":3},"end":{"line":317,"column":4}},"139":{"start":{"line":316,"column":4},"end":{"line":316,"column":23}},"140":{"start":{"line":320,"column":2},"end":{"line":320,"column":13}},"141":{"start":{"line":323,"column":1},"end":{"line":356,"column":2}},"142":{"start":{"line":326,"column":2},"end":{"line":337,"column":3}},"143":{"start":{"line":327,"column":3},"end":{"line":327,"column":67}},"144":{"start":{"line":328,"column":3},"end":{"line":334,"column":4}},"145":{"start":{"line":329,"column":4},"end":{"line":329,"column":46}},"146":{"start":{"line":330,"column":4},"end":{"line":332,"column":5}},"147":{"start":{"line":331,"column":5},"end":{"line":331,"column":17}},"148":{"start":{"line":333,"column":4},"end":{"line":333,"column":109}},"149":{"start":{"line":339,"column":2},"end":{"line":343,"column":19}},"150":{"start":{"line":345,"column":2},"end":{"line":351,"column":3}},"151":{"start":{"line":346,"column":3},"end":{"line":346,"column":65}},"152":{"start":{"line":347,"column":3},"end":{"line":349,"column":4}},"153":{"start":{"line":348,"column":4},"end":{"line":348,"column":40}},"154":{"start":{"line":350,"column":3},"end":{"line":350,"column":30}},"155":{"start":{"line":353,"column":2},"end":{"line":353,"column":34}},"156":{"start":{"line":355,"column":2},"end":{"line":355,"column":69}},"157":{"start":{"line":358,"column":1},"end":{"line":363,"column":2}},"158":{"start":{"line":359,"column":2},"end":{"line":361,"column":3}},"159":{"start":{"line":360,"column":3},"end":{"line":360,"column":32}},"160":{"start":{"line":362,"column":2},"end":{"line":362,"column":21}},"161":{"start":{"line":369,"column":1},"end":{"line":371,"column":2}},"162":{"start":{"line":370,"column":2},"end":{"line":370,"column":56}},"163":{"start":{"line":373,"column":1},"end":{"line":390,"column":2}},"164":{"start":{"line":374,"column":2},"end":{"line":374,"column":33}},"165":{"start":{"line":376,"column":2},"end":{"line":378,"column":3}},"166":{"start":{"line":377,"column":3},"end":{"line":377,"column":21}},"167":{"start":{"line":380,"column":2},"end":{"line":389,"column":3}},"168":{"start":{"line":381,"column":3},"end":{"line":381,"column":32}},"169":{"start":{"line":382,"column":3},"end":{"line":382,"column":19}},"170":{"start":{"line":383,"column":3},"end":{"line":383,"column":36}},"171":{"start":{"line":384,"column":3},"end":{"line":384,"column":33}},"172":{"start":{"line":385,"column":3},"end":{"line":385,"column":28}},"173":{"start":{"line":386,"column":3},"end":{"line":388,"column":4}},"174":{"start":{"line":387,"column":4},"end":{"line":387,"column":50}},"175":{"start":{"line":392,"column":1},"end":{"line":417,"column":2}},"176":{"start":{"line":393,"column":2},"end":{"line":393,"column":29}},"177":{"start":{"line":395,"column":2},"end":{"line":395,"column":25}},"178":{"start":{"line":396,"column":2},"end":{"line":396,"column":11}},"179":{"start":{"line":398,"column":2},"end":{"line":400,"column":3}},"180":{"start":{"line":399,"column":3},"end":{"line":399,"column":15}},"181":{"start":{"line":402,"column":2},"end":{"line":406,"column":3}},"182":{"start":{"line":403,"column":3},"end":{"line":403,"column":25}},"183":{"start":{"line":404,"column":3},"end":{"line":404,"column":22}},"184":{"start":{"line":405,"column":3},"end":{"line":405,"column":15}},"185":{"start":{"line":409,"column":2},"end":{"line":414,"column":3}},"186":{"start":{"line":410,"column":3},"end":{"line":410,"column":35}},"187":{"start":{"line":411,"column":3},"end":{"line":411,"column":19}},"188":{"start":{"line":412,"column":3},"end":{"line":412,"column":27}},"189":{"start":{"line":413,"column":3},"end":{"line":413,"column":15}},"190":{"start":{"line":416,"column":2},"end":{"line":416,"column":14}},"191":{"start":{"line":419,"column":1},"end":{"line":429,"column":2}},"192":{"start":{"line":420,"column":2},"end":{"line":420,"column":18}},"193":{"start":{"line":422,"column":2},"end":{"line":426,"column":3}},"194":{"start":{"line":423,"column":3},"end":{"line":425,"column":4}},"195":{"start":{"line":424,"column":4},"end":{"line":424,"column":23}},"196":{"start":{"line":428,"column":2},"end":{"line":428,"column":20}},"197":{"start":{"line":431,"column":1},"end":{"line":450,"column":2}},"198":{"start":{"line":432,"column":2},"end":{"line":432,"column":33}},"199":{"start":{"line":434,"column":2},"end":{"line":436,"column":3}},"200":{"start":{"line":435,"column":3},"end":{"line":435,"column":23}},"201":{"start":{"line":438,"column":2},"end":{"line":449,"column":3}},"202":{"start":{"line":439,"column":3},"end":{"line":439,"column":33}},"203":{"start":{"line":441,"column":3},"end":{"line":441,"column":37}},"204":{"start":{"line":442,"column":3},"end":{"line":442,"column":37}},"205":{"start":{"line":444,"column":3},"end":{"line":444,"column":28}},"206":{"start":{"line":445,"column":3},"end":{"line":445,"column":29}},"207":{"start":{"line":447,"column":3},"end":{"line":447,"column":28}},"208":{"start":{"line":448,"column":3},"end":{"line":448,"column":29}},"209":{"start":{"line":452,"column":1},"end":{"line":456,"column":2}},"210":{"start":{"line":453,"column":2},"end":{"line":453,"column":22}},"211":{"start":{"line":454,"column":2},"end":{"line":454,"column":22}},"212":{"start":{"line":455,"column":2},"end":{"line":455,"column":32}},"213":{"start":{"line":458,"column":1},"end":{"line":464,"column":2}},"214":{"start":{"line":459,"column":2},"end":{"line":462,"column":3}},"215":{"start":{"line":460,"column":3},"end":{"line":460,"column":34}},"216":{"start":{"line":461,"column":4},"end":{"line":461,"column":117}},"217":{"start":{"line":463,"column":2},"end":{"line":463,"column":25}},"218":{"start":{"line":466,"column":1},"end":{"line":468,"column":2}},"219":{"start":{"line":467,"column":2},"end":{"line":467,"column":44}},"220":{"start":{"line":470,"column":1},"end":{"line":474,"column":2}},"221":{"start":{"line":471,"column":2},"end":{"line":473,"column":3}},"222":{"start":{"line":472,"column":3},"end":{"line":472,"column":26}},"223":{"start":{"line":480,"column":1},"end":{"line":493,"column":2}},"224":{"start":{"line":481,"column":2},"end":{"line":484,"column":39}},"225":{"start":{"line":486,"column":2},"end":{"line":488,"column":3}},"226":{"start":{"line":487,"column":3},"end":{"line":487,"column":39}},"227":{"start":{"line":490,"column":2},"end":{"line":490,"column":15}},"228":{"start":{"line":492,"column":2},"end":{"line":492,"column":13}},"229":{"start":{"line":495,"column":1},"end":{"line":495,"column":27}},"230":{"start":{"line":496,"column":1},"end":{"line":496,"column":22}},"231":{"start":{"line":497,"column":1},"end":{"line":497,"column":25}},"232":{"start":{"line":498,"column":1},"end":{"line":498,"column":25}},"233":{"start":{"line":499,"column":1},"end":{"line":499,"column":25}},"234":{"start":{"line":500,"column":1},"end":{"line":500,"column":27}},"235":{"start":{"line":501,"column":1},"end":{"line":501,"column":27}},"236":{"start":{"line":502,"column":1},"end":{"line":502,"column":28}},"237":{"start":{"line":503,"column":1},"end":{"line":503,"column":27}},"238":{"start":{"line":504,"column":1},"end":{"line":504,"column":30}},"239":{"start":{"line":505,"column":1},"end":{"line":505,"column":25}},"240":{"start":{"line":506,"column":1},"end":{"line":506,"column":28}},"241":{"start":{"line":507,"column":1},"end":{"line":507,"column":24}},"242":{"start":{"line":508,"column":1},"end":{"line":508,"column":26}},"243":{"start":{"line":509,"column":1},"end":{"line":509,"column":32}},"244":{"start":{"line":510,"column":1},"end":{"line":510,"column":31}},"245":{"start":{"line":511,"column":1},"end":{"line":511,"column":32}},"246":{"start":{"line":512,"column":1},"end":{"line":512,"column":33}},"247":{"start":{"line":518,"column":1},"end":{"line":518,"column":20}},"248":{"start":{"line":520,"column":1},"end":{"line":520,"column":16}},"249":{"start":{"line":522,"column":1},"end":{"line":522,"column":27}},"250":{"start":{"line":524,"column":1},"end":{"line":546,"column":3}},"251":{"start":{"line":525,"column":2},"end":{"line":526,"column":10}},"252":{"start":{"line":528,"column":2},"end":{"line":534,"column":3}},"253":{"start":{"line":529,"column":3},"end":{"line":532,"column":4}},"254":{"start":{"line":530,"column":4},"end":{"line":530,"column":35}},"255":{"start":{"line":531,"column":4},"end":{"line":531,"column":46}},"256":{"start":{"line":533,"column":3},"end":{"line":533,"column":17}},"257":{"start":{"line":535,"column":2},"end":{"line":545,"column":3}},"258":{"start":{"line":536,"column":3},"end":{"line":536,"column":31}},"259":{"start":{"line":537,"column":3},"end":{"line":539,"column":4}},"260":{"start":{"line":538,"column":4},"end":{"line":538,"column":25}},"261":{"start":{"line":540,"column":3},"end":{"line":544,"column":4}},"262":{"start":{"line":541,"column":4},"end":{"line":541,"column":37}},"263":{"start":{"line":543,"column":4},"end":{"line":543,"column":31}},"264":{"start":{"line":548,"column":1},"end":{"line":559,"column":3}},"265":{"start":{"line":549,"column":2},"end":{"line":557,"column":3}},"266":{"start":{"line":550,"column":3},"end":{"line":550,"column":27}},"267":{"start":{"line":551,"column":3},"end":{"line":555,"column":4}},"268":{"start":{"line":552,"column":4},"end":{"line":552,"column":30}},"269":{"start":{"line":554,"column":4},"end":{"line":554,"column":117}},"270":{"start":{"line":556,"column":3},"end":{"line":556,"column":15}},"271":{"start":{"line":558,"column":2},"end":{"line":558,"column":39}},"272":{"start":{"line":558,"column":17},"end":{"line":558,"column":37}},"273":{"start":{"line":561,"column":1},"end":{"line":566,"column":2}},"274":{"start":{"line":562,"column":2},"end":{"line":565,"column":4}},"275":{"start":{"line":563,"column":3},"end":{"line":563,"column":46}},"276":{"start":{"line":563,"column":18},"end":{"line":563,"column":44}},"277":{"start":{"line":564,"column":3},"end":{"line":564,"column":25}},"278":{"start":{"line":568,"column":1},"end":{"line":573,"column":2}},"279":{"start":{"line":569,"column":2},"end":{"line":572,"column":4}},"280":{"start":{"line":570,"column":3},"end":{"line":570,"column":18}},"281":{"start":{"line":571,"column":3},"end":{"line":571,"column":37}},"282":{"start":{"line":575,"column":1},"end":{"line":575,"column":37}},"283":{"start":{"line":576,"column":1},"end":{"line":576,"column":37}},"284":{"start":{"line":577,"column":1},"end":{"line":577,"column":37}},"285":{"start":{"line":579,"column":1},"end":{"line":585,"column":3}},"286":{"start":{"line":580,"column":2},"end":{"line":582,"column":3}},"287":{"start":{"line":581,"column":3},"end":{"line":581,"column":121}},"288":{"start":{"line":583,"column":2},"end":{"line":583,"column":51}},"289":{"start":{"line":584,"column":2},"end":{"line":584,"column":16}},"290":{"start":{"line":588,"column":1},"end":{"line":588,"column":48}},"291":{"start":{"line":589,"column":1},"end":{"line":596,"column":2}},"292":{"start":{"line":591,"column":2},"end":{"line":591,"column":30}},"293":{"start":{"line":592,"column":2},"end":{"line":592,"column":30}},"294":{"start":{"line":593,"column":8},"end":{"line":596,"column":2}},"295":{"start":{"line":595,"column":2},"end":{"line":595,"column":29}},"296":{"start":{"line":600,"column":1},"end":{"line":600,"column":15}}},"branchMap":{"1":{"line":11,"type":"if","locations":[{"start":{"line":11,"column":1},"end":{"line":11,"column":1}},{"start":{"line":11,"column":1},"end":{"line":11,"column":1}}]},"2":{"line":11,"type":"binary-expr","locations":[{"start":{"line":11,"column":5},"end":{"line":11,"column":33}},{"start":{"line":11,"column":37},"end":{"line":11,"column":47}}]},"3":{"line":13,"type":"if","locations":[{"start":{"line":13,"column":8},"end":{"line":13,"column":8}},{"start":{"line":13,"column":8},"end":{"line":13,"column":8}}]},"4":{"line":13,"type":"binary-expr","locations":[{"start":{"line":13,"column":12},"end":{"line":13,"column":38}},{"start":{"line":13,"column":42},"end":{"line":13,"column":56}}]},"5":{"line":39,"type":"if","locations":[{"start":{"line":39,"column":1},"end":{"line":39,"column":1}},{"start":{"line":39,"column":1},"end":{"line":39,"column":1}}]},"6":{"line":39,"type":"binary-expr","locations":[{"start":{"line":39,"column":5},"end":{"line":39,"column":14}},{"start":{"line":39,"column":19},"end":{"line":39,"column":30}},{"start":{"line":39,"column":34},"end":{"line":39,"column":43}}]},"7":{"line":48,"type":"if","locations":[{"start":{"line":48,"column":2},"end":{"line":48,"column":2}},{"start":{"line":48,"column":2},"end":{"line":48,"column":2}}]},"8":{"line":50,"type":"if","locations":[{"start":{"line":50,"column":9},"end":{"line":50,"column":9}},{"start":{"line":50,"column":9},"end":{"line":50,"column":9}}]},"9":{"line":60,"type":"binary-expr","locations":[{"start":{"line":60,"column":16},"end":{"line":60,"column":24}},{"start":{"line":60,"column":28},"end":{"line":60,"column":30}}]},"10":{"line":67,"type":"if","locations":[{"start":{"line":67,"column":2},"end":{"line":67,"column":2}},{"start":{"line":67,"column":2},"end":{"line":67,"column":2}}]},"11":{"line":96,"type":"binary-expr","locations":[{"start":{"line":96,"column":26},"end":{"line":96,"column":38}},{"start":{"line":96,"column":42},"end":{"line":96,"column":43}}]},"12":{"line":138,"type":"if","locations":[{"start":{"line":138,"column":2},"end":{"line":138,"column":2}},{"start":{"line":138,"column":2},"end":{"line":138,"column":2}}]},"13":{"line":158,"type":"if","locations":[{"start":{"line":158,"column":4},"end":{"line":158,"column":4}},{"start":{"line":158,"column":4},"end":{"line":158,"column":4}}]},"14":{"line":174,"type":"cond-expr","locations":[{"start":{"line":174,"column":29},"end":{"line":174,"column":34}},{"start":{"line":174,"colu
[...]
ons":[{"start":{"line":551,"column":3},"end":{"line":551,"column":3}},{"start":{"line":551,"column":3},"end":{"line":551,"column":3}}]},"63":{"line":558,"type":"if","locations":[{"start":{"line":558,"column":2},"end":{"line":558,"column":2}},{"start":{"line":558,"column":2},"end":{"line":558,"column":2}}]},"64":{"line":563,"type":"if","locations":[{"start":{"line":563,"column":3},"end":{"line":563,"column":3}},{"start":{"line":563,"column":3},"end":{"line":563,"column":3}}]},"65":{"line":580,"type":"if","locations":[{"start":{"line":580,"column":2},"end":{"line":580,"column":2}},{"start":{"line":580,"column":2},"end":{"line":580,"column":2}}]},"66":{"line":580,"type":"binary-expr","locations":[{"start":{"line":580,"column":6},"end":{"line":580,"column":15}},{"start":{"line":580,"column":20},"end":{"line":580,"column":31}},{"start":{"line":580,"column":35},"end":{"line":580,"column":44}}]},"67":{"line":583,"type":"cond-expr","locations":[{"start":{"line":583,"column":30},"end":{"line":583,"column":43}},{"start":{"line":583,"column":46},"end":{"line":583,"column":50}}]},"68":{"line":589,"type":"if","locations":[{"start":{"line":589,"column":1},"end":{"line":589,"column":1}},{"start":{"line":589,"column":1},"end":{"line":589,"column":1}}]},"69":{"line":593,"type":"if","locations":[{"start":{"line":593,"column":8},"end":{"line":593,"column":8}},{"start":{"line":593,"column":8},"end":{"line":593,"column":8}}]}},"code":["//! moment-timezone.js","//! version : 0.5.13","//! Copyright (c) JS Foundation and other contributors","//! license : MIT","//! github.com/moment/moment-timezone","","(function (root, factory) {","\t\"use strict\";","","\t/*global define*/","\tif (typeof define === 'function' && define.amd) {","\t\tdefine(['moment'], factory);                 // AMD","\t} else if (typeof module === 'object' && module.exports) {","\t\tmodule.exports = factory(require('moment')); // Node","\t} else {","\t\tfactory(root.moment);                        // Browser","\t}","}(this, function (moment) {","\t\"use strict\";","","\t// Do not load moment-timezone a second time.","\t// if (moment.tz !== undefined) {","\t// \tlogError('Moment Timezone ' + moment.tz.version + ' was already loaded ' + (moment.tz.dataVersion ? 'with data from ' : 'without any data') + moment.tz.dataVersion);","\t// \treturn moment;","\t// }","","\tvar VERSION = \"0.5.13\",","\t\tzones = {},","\t\tlinks = {},","\t\tnames = {},","\t\tguesses = {},","\t\tcachedGuess,","","\t\tmomentVersion = moment.version.split('.'),","\t\tmajor = +momentVersion[0],","\t\tminor = +momentVersion[1];","","\t// Moment.js version check","\tif (major < 2 || (major === 2 && minor < 6)) {","\t\tlogError('Moment Timezone requires Moment.js >= 2.6.0. You are using Moment.js ' + moment.version + '. See momentjs.com');","\t}","","\t/************************************","\t\tUnpacking","\t************************************/","","\tfunction charCodeToInt(charCode) {","\t\tif (charCode > 96) {","\t\t\treturn charCode - 87;","\t\t} else if (charCode > 64) {","\t\t\treturn charCode - 29;","\t\t}","\t\treturn charCode - 48;","\t}","","\tfunction unpackBase60(string) {","\t\tvar i = 0,","\t\t\tparts = string.split('.'),","\t\t\twhole = parts[0],","\t\t\tfractional = parts[1] || '',","\t\t\tmultiplier = 1,","\t\t\tnum,","\t\t\tout = 0,","\t\t\tsign = 1;","","\t\t// handle negative numbers","\t\tif (string.charCodeAt(0) === 45) {","\t\t\ti = 1;","\t\t\tsign = -1;","\t\t}","","\t\t// handle digits before the decimal","\t\tfor (i; i < whole.length; i++) {","\t\t\tnum = charCodeToInt(whole.charCodeAt(i));","\t\t\tout = 60 * out + num;","\t\t}","","\t\t// handle digits after the decimal","\t\tfor (i = 0; i < fractional.length; i++) {","\t\t\tmultiplier = multiplier / 60;","\t\t\tnum = charCodeToInt(fractional.charCodeAt(i));","\t\t\tout += num * multiplier;","\t\t}","","\t\treturn out * sign;","\t}","","\tfunction arrayToInt (array) {","\t\tfor (var i = 0; i < array.length; i++) {","\t\t\tarray[i] = unpackBase60(array[i]);","\t\t}","\t}","","\tfunction intToUntil (array, length) {","\t\tfor (var i = 0; i < length; i++) {","\t\t\tarray[i] = Math.round((array[i - 1] || 0) + (array[i] * 60000)); // minutes to milliseconds","\t\t}","","\t\tarray[length - 1] = Infinity;","\t}","","\tfunction mapIndices (source, indices) {","\t\tvar out = [], i;","","\t\tfor (i = 0; i < indices.length; i++) {","\t\t\tout[i] = source[indices[i]];","\t\t}","","\t\treturn out;","\t}","","\tfunction unpack (string) {","\t\tvar data = string.split('|'),","\t\t\toffsets = data[2].split(' '),","\t\t\tindices = data[3].split(''),","\t\t\tuntils  = data[4].split(' ');","","\t\tarrayToInt(offsets);","\t\tarrayToInt(indices);","\t\tarrayToInt(untils);","","\t\tintToUntil(untils, indices.length);","","\t\treturn {","\t\t\tname       : data[0],","\t\t\tabbrs      : mapIndices(data[1].split(' '), indices),","\t\t\toffsets    : mapIndices(offsets, indices),","\t\t\tuntils     : untils,","\t\t\tpopulation : data[5] | 0","\t\t};","\t}","","\t/************************************","\t\tZone object","\t************************************/","","\tfunction Zone (packedString) {","\t\tif (packedString) {","\t\t\tthis._set(unpack(packedString));","\t\t}","\t}","","\tZone.prototype = {","\t\t_set : function (unpacked) {","\t\t\tthis.name       = unpacked.name;","\t\t\tthis.abbrs      = unpacked.abbrs;","\t\t\tthis.untils     = unpacked.untils;","\t\t\tthis.offsets    = unpacked.offsets;","\t\t\tthis.population = unpacked.population;","\t\t},","","\t\t_index : function (timestamp) {","\t\t\tvar target = +timestamp,","\t\t\t\tuntils = this.untils,","\t\t\t\ti;","","\t\t\tfor (i = 0; i < untils.length; i++) {","\t\t\t\tif (target < untils[i]) {","\t\t\t\t\treturn i;","\t\t\t\t}","\t\t\t}","\t\t},","","\t\tparse : function (timestamp) {","\t\t\tvar target  = +timestamp,","\t\t\t\toffsets = this.offsets,","\t\t\t\tuntils  = this.untils,","\t\t\t\tmax     = untils.length - 1,","\t\t\t\toffset, offsetNext, offsetPrev, i;","","\t\t\tfor (i = 0; i < max; i++) {","\t\t\t\toffset     = offsets[i];","\t\t\t\toffsetNext = offsets[i + 1];","\t\t\t\toffsetPrev = offsets[i ? i - 1 : i];","","\t\t\t\tif (offset < offsetNext && tz.moveAmbiguousForward) {","\t\t\t\t\toffset = offsetNext;","\t\t\t\t} else if (offset > offsetPrev && tz.moveInvalidForward) {","\t\t\t\t\toffset = offsetPrev;","\t\t\t\t}","","\t\t\t\tif (target < untils[i] - (offset * 60000)) {","\t\t\t\t\treturn offsets[i];","\t\t\t\t}","\t\t\t}","","\t\t\treturn offsets[max];","\t\t},","","\t\tabbr : function (mom) {","\t\t\treturn this.abbrs[this._index(mom)];","\t\t},","","\t\toffset : function (mom) {","\t\t\treturn this.offsets[this._index(mom)];","\t\t}","\t};","","\t/************************************","\t\tCurrent Timezone","\t************************************/","","\tfunction OffsetAt(at) {","\t\tvar timeString = at.toTimeString();","\t\tvar abbr = timeString.match(/\\([a-z ]+\\)/i);","\t\tif (abbr && abbr[0]) {","\t\t\t// 17:56:31 GMT-0600 (CST)","\t\t\t// 17:56:31 GMT-0600 (Central Standard Time)","\t\t\tabbr = abbr[0].match(/[A-Z]/g);","\t\t\tabbr = abbr ? abbr.join('') : undefined;","\t\t} else {","\t\t\t// 17:56:31 CST","\t\t\t// 17:56:31 GMT+0800 (台北標準時間)","\t\t\tabbr = timeString.match(/[A-Z]{3,5}/g);","\t\t\tabbr = abbr ? abbr[0] : undefined;","\t\t}","","\t\tif (abbr === 'GMT') {","\t\t\tabbr = undefined;","\t\t}","","\t\tthis.at = +at;","\t\tthis.abbr = abbr;","\t\tthis.offset = at.getTimezoneOffset();","\t}","","\tfunction ZoneScore(zone) {","\t\tthis.zone = zone;","\t\tthis.offsetScore = 0;","\t\tthis.abbrScore = 0;","\t}","","\tZoneScore.prototype.scoreOffsetAt = function (offsetAt) {","\t\tthis.offsetScore += Math.abs(this.zone.offset(offsetAt.at) - offsetAt.offset);","\t\tif (this.zone.abbr(offsetAt.at).replace(/[^A-Z]/g, '') !== offsetAt.abbr) {","\t\t\tthis.abbrScore++;","\t\t}","\t};","","\tfunction findChange(low, high) {","\t\tvar mid, diff;","","\t\twhile ((diff = ((high.at - low.at) / 12e4 | 0) * 6e4)) {","\t\t\tmid = new OffsetAt(new Date(low.at + diff));","\t\t\tif (mid.offset === low.offset) {","\t\t\t\tlow = mid;","\t\t\t} else {","\t\t\t\thigh = mid;","\t\t\t}","\t\t}","","\t\treturn low;","\t}","","\tfunction userOffsets() {","\t\tvar startYear = new Date().getFullYear() - 2,","\t\t\tlast = new OffsetAt(new Date(startYear, 0, 1)),","\t\t\toffsets = [last],","\t\t\tchange, next, i;","","\t\tfor (i = 1; i < 48; i++) {","\t\t\tnext = new OffsetAt(new Date(startYear, i, 1));","\t\t\tif (next.offset !== last.offset) {","\t\t\t\tchange = findChange(last, next);","\t\t\t\toffsets.push(change);","\t\t\t\toffsets.push(new OffsetAt(new Date(change.at + 6e4)));","\t\t\t}","\t\t\tlast = next;","\t\t}","","\t\tfor (i = 0; i < 4; i++) {","\t\t\toffsets.push(new OffsetAt(new Date(startYear + i, 0, 1)));","\t\t\toffsets.push(new OffsetAt(new Date(startYear + i, 6, 1)));","\t\t}","","\t\treturn offsets;","\t}","","\tfunction sortZoneScores (a, b) {","\t\tif (a.offsetScore !== b.offsetScore) {","\t\t\treturn a.offsetScore - b.offsetScore;","\t\t}","\t\tif (a.abbrScore !== b.abbrScore) {","\t\t\treturn a.abbrScore - b.abbrScore;","\t\t}","\t\treturn b.zone.population - a.zone.population;","\t}","","\tfunction addToGuesses (name, offsets) {","\t\tvar i, offset;","\t\tarrayToInt(offsets);","\t\tfor (i = 0; i < offsets.length; i++) {","\t\t\toffset = offsets[i];","\t\t\tguesses[offset] = guesses[offset] || {};","\t\t\tguesses[offset][name] = true;","\t\t}","\t}","","\tfunction guessesForUserOffsets (offsets) {","\t\tvar offsetsLength = offsets.length,","\t\t\tfilteredGuesses = {},","\t\t\tout = [],","\t\t\ti, j, guessesOffset;","","\t\tfor (i = 0; i < offsetsLength; i++) {","\t\t\tguessesOffset = guesses[offsets[i].offset] || {};","\t\t\tfor (j in guessesOffset) {","\t\t\t\tif (guessesOffset.hasOwnProperty(j)) {","\t\t\t\t\tfilteredGuesses[j] = true;","\t\t\t\t}","\t\t\t}","\t\t}","","\t\tfor (i in filteredGuesses) {","\t\t\tif (filteredGuesses.hasOwnProperty(i)) {","\t\t\t\tout.push(names[i]);","\t\t\t}","\t\t}","","\t\treturn out;","\t}","","\tfunction rebuildGuess () {","","\t\t// use Intl API when available and returning valid time zone","\t\ttry {","\t\t\tvar intlName = Intl.DateTimeFormat().resolvedOptions().timeZone;","\t\t\tif (intlName){","\t\t\t\tvar name = names[normalizeName(intlName)];","\t\t\t\tif (name) {","\t\t\t\t\treturn name;","\t\t\t\t}","\t\t\t\tlogError(\"Moment Timezone found \" + intlName + \" from the Intl api, but did not have that data loaded.\");","\t\t\t}","\t\t} catch (e) {","\t\t\t// Intl unavailable, fall back to manual guessing.","\t\t}","","\t\tvar offsets = userOffsets(),","\t\t\toffsetsLength = offsets.length,","\t\t\tguesses = guessesForUserOffsets(offsets),","\t\t\tzoneScores = [],","\t\t\tzoneScore, i, j;","","\t\tfor (i = 0; i < guesses.length; i++) {","\t\t\tzoneScore = new ZoneScore(getZone(guesses[i]), offsetsLength);","\t\t\tfor (j = 0; j < offsetsLength; j++) {","\t\t\t\tzoneScore.scoreOffsetAt(offsets[j]);","\t\t\t}","\t\t\tzoneScores.push(zoneScore);","\t\t}","","\t\tzoneScores.sort(sortZoneScores);","","\t\treturn zoneScores.length > 0 ? zoneScores[0].zone.name : undefined;","\t}","","\tfunction guess (ignoreCache) {","\t\tif (!cachedGuess || ignoreCache) {","\t\t\tcachedGuess = rebuildGuess();","\t\t}","\t\treturn cachedGuess;","\t}","","\t/************************************","\t\tGlobal Methods","\t************************************/","","\tfunction normalizeName (name) {","\t\treturn (name || '').toLowerCase().replace(/\\//g, '_');","\t}","","\tfunction addZone (packed) {","\t\tvar i, name, split, normalized;","","\t\tif (typeof packed === \"string\") {","\t\t\tpacked = [packed];","\t\t}","","\t\tfor (i = 0; i < packed.length; i++) {","\t\t\tsplit = packed[i].split('|');","\t\t\tname = split[0];","\t\t\tnormalized = normalizeName(name);","\t\t\tzones[normalized] = packed[i];","\t\t\tnames[normalized] = name;","\t\t\tif (split[5]) {","\t\t\t\taddToGuesses(normalized, split[2].split(' '));","\t\t\t}","\t\t}","\t}","","\tfunction getZone (name, caller) {","\t\tname = normalizeName(name);","","\t\tvar zone = zones[name];","\t\tvar link;","","\t\tif (zone instanceof Zone) {","\t\t\treturn zone;","\t\t}","","\t\tif (typeof zone === 'string') {","\t\t\tzone = new Zone(zone);","\t\t\tzones[name] = zone;","\t\t\treturn zone;","\t\t}","","\t\t// Pass getZone to prevent recursion more than 1 level deep","\t\tif (links[name] && caller !== getZone && (link = getZone(links[name], getZone))) {","\t\t\tzone = zones[name] = new Zone();","\t\t\tzone._set(link);","\t\t\tzone.name = names[name];","\t\t\treturn zone;","\t\t}","","\t\treturn null;","\t}","","\tfunction getNames () {","\t\tvar i, out = [];","","\t\tfor (i in names) {","\t\t\tif (names.hasOwnProperty(i) && (zones[i] || zones[links[i]]) && names[i]) {","\t\t\t\tout.push(names[i]);","\t\t\t}","\t\t}","","\t\treturn out.sort();","\t}","","\tfunction addLink (aliases) {","\t\tvar i, alias, normal0, normal1;","","\t\tif (typeof aliases === \"string\") {","\t\t\taliases = [aliases];","\t\t}","","\t\tfor (i = 0; i < aliases.length; i++) {","\t\t\talias = aliases[i].split('|');","","\t\t\tnormal0 = normalizeName(alias[0]);","\t\t\tnormal1 = normalizeName(alias[1]);","","\t\t\tlinks[normal0] = normal1;","\t\t\tnames[normal0] = alias[0];","","\t\t\tlinks[normal1] = normal0;","\t\t\tnames[normal1] = alias[1];","\t\t}","\t}","","\tfunction loadData (data) {","\t\taddZone(data.zones);","\t\taddLink(data.links);","\t\ttz.dataVersion = data.version;","\t}","","\tfunction zoneExists (name) {","\t\tif (!zoneExists.didShowError) {","\t\t\tzoneExists.didShowError = true;","\t\t\t\tlogError(\"moment.tz.zoneExists('\" + name + \"') has been deprecated in favor of !moment.tz.zone('\" + name + \"')\");","\t\t}","\t\treturn !!getZone(name);","\t}","","\tfunction needsOffset (m) {","\t\treturn !!(m._a && (m._tzm === undefined));","\t}","","\tfunction logError (message) {","\t\tif (typeof console !== 'undefined' && typeof console.error === 'function') {","\t\t\tconsole.error(message);","\t\t}","\t}","","\t/************************************","\t\tmoment.tz namespace","\t************************************/","","\tfunction tz (input) {","\t\tvar args = Array.prototype.slice.call(arguments, 0, -1),","\t\t\tname = arguments[arguments.length - 1],","\t\t\tzone = getZone(name),","\t\t\tout  = moment.utc.apply(null, args);","","\t\tif (zone && !moment.isMoment(input) && needsOffset(out)) {","\t\t\tout.add(zone.parse(out), 'minutes');","\t\t}","","\t\tout.tz(name);","","\t\treturn out;","\t}","","\ttz.version      = VERSION;","\ttz.dataVersion  = '';","\ttz._zones       = zones;","\ttz._links       = links;","\ttz._names       = names;","\ttz.add          = addZone;","\ttz.link         = addLink;","\ttz.load         = loadData;","\ttz.zone         = getZone;","\ttz.zoneExists   = zoneExists; // deprecated in 0.1.0","\ttz.guess        = guess;","\ttz.names        = getNames;","\ttz.Zone         = Zone;","\ttz.unpack       = unpack;","\ttz.unpackBase60 = unpackBase60;","\ttz.needsOffset  = needsOffset;","\ttz.moveInvalidForward   = true;","\ttz.moveAmbiguousForward = false;","","\t/************************************","\t\tInterface with Moment.js","\t************************************/","","\tvar fn = moment.fn;","","\tmoment.tz = tz;","","\tmoment.defaultZone = null;","","\tmoment.updateOffset = function (mom, keepTime) {","\t\tvar zone = moment.defaultZone,","\t\t\toffset;","","\t\tif (mom._z === undefined) {","\t\t\tif (zone && needsOffset(mom) && !mom._isUTC) {","\t\t\t\tmom._d = moment.utc(mom._a)._d;","\t\t\t\tmom.utc().add(zone.parse(mom), 'minutes');","\t\t\t}","\t\t\tmom._z = zone;","\t\t}","\t\tif (mom._z) {","\t\t\toffset = mom._z.offset(mom);","\t\t\tif (Math.abs(offset) < 16) {","\t\t\t\toffset = offset / 60;","\t\t\t}","\t\t\tif (mom.utcOffset !== undefined) {","\t\t\t\tmom.utcOffset(-offset, keepTime);","\t\t\t} else {","\t\t\t\tmom.zone(offset, keepTime);","\t\t\t}","\t\t}","\t};","","\tfn.tz = function (name) {","\t\tif (name) {","\t\t\tthis._z = getZone(name);","\t\t\tif (this._z) {","\t\t\t\tmoment.updateOffset(this);","\t\t\t} else {","\t\t\t\tlogError(\"Moment Timezone has no data for \" + name + \". See http://momentjs.com/timezone/docs/#/data-loading/.\");","\t\t\t}","\t\t\treturn this;","\t\t}","\t\tif (this._z) { return this._z.name; }","\t};","","\tfunction abbrWrap (old) {","\t\treturn function () {","\t\t\tif (this._z) { return this._z.abbr(this); }","\t\t\treturn old.call(this);","\t\t};","\t}","","\tfunction resetZoneWrap (old) {","\t\treturn function () {","\t\t\tthis._z = null;","\t\t\treturn old.apply(this, arguments);","\t\t};","\t}","","\tfn.zoneName = abbrWrap(fn.zoneName);","\tfn.zoneAbbr = abbrWrap(fn.zoneAbbr);","\tfn.utc      = resetZoneWrap(fn.utc);","","\tmoment.tz.setDefault = function(name) {","\t\tif (major < 2 || (major === 2 && minor < 9)) {","\t\t\tlogError('Moment Timezone setDefault() requires Moment.js >= 2.9.0. You are using Moment.js ' + moment.version + '.');","\t\t}","\t\tmoment.defaultZone = name ? getZone(name) : null;","\t\treturn moment;","\t};","","\t// Cloning a moment should include the _z property.","\tvar momentProperties = moment.momentProperties;","\tif (Object.prototype.toString.call(momentProperties) === '[object Array]') {","\t\t// moment 2.8.1+","\t\tmomentProperties.push('_z');","\t\tmomentProperties.push('_a');","\t} else if (momentProperties) {","\t\t// moment 2.7.0","\t\tmomentProperties._z = null;","\t}","","\t// INJECT DATA","","\treturn moment;","}));",""],"l":{"7":1,"11":1,"12":0,"13":1,"14":1,"16":0,"27":1,"39":1,"40":0,"47":1,"48":2517,"49":385,"50":2132,"51":189,"53":1943,"56":1,"57":1195,"67":1195,"68":626,"69":626,"73":1195,"74":2322,"75":2322,"79":1195,"80":195,"81":195,"82":195,"85":1195,"88":1,"89":308,"90":1195,"94":1,"95":0,"96":0,"99":0,"102":1,"103":0,"105":0,"106":0,"109":0,"112":1,"113":0,"118":0,"119":0,"120":0,"122":0,"124":0,"137":1,"138":0,"139":0,"143":1,"145":0,"146":0,"147":0,"148":0,"149":0,"153":0,"157":0,"158":0,"159":0,"165":0,"171":0,"172":0,"173":0,"174":0,"176":0,"177":0,"178":0,"179":0,"182":0,"183":0,"187":0,"191":0,"195":0,"203":1,"204":0,"205":0,"206":0,"209":0,"210":0,"214":0,"215":0,"218":0,"219":0,"222":0,"223":0,"224":0,"227":1,"228":0,"229":0,"230":0,"233":1,"234":0,"235":0,"236":0,"240":1,"241":0,"243":0,"244":0,"245":0,"246":0,"248":0,"252":0,"255":1,"256":0,"261":0,"262":0,"263":0,"264":0,"265":0,"266":0,"268":0,"271":0,"272":0,"273":0,"276":0,"279":1,"280":0,"281":0,"283":0,"284":0,"286":0,"289":1,"290":308,"291":308,"292":308,"293":1195,"294":1195,"295":1195,"299":1,"300":0,"305":0,"306":0,"307":0,"308":0,"309":0,"314":0,"315":0,"316":0,"320":0,"323":1,"326":0,"327":0,"328":0,"329":0,"330":0,"331":0,"333":0,"339":0,"345":0,"346":0,"347":0,"348":0,"350":0,"353":0,"355":0,"358":1,"359":0,"360":0,"362":0,"369":1,"370":812,"373":1,"374":1,"376":1,"377":0,"380":1,"381":374,"382":374,"383":374,"384":374,"385":374,"386":374,"387":308,"392":1,"393":0,"395":0,"396":0,"398":0,"399":0,"402":0,"403":0,"404":0,"405":0,"409":0,"410":0,"411":0,"412":0,"413":0,"416":0,"419":1,"420":0,"422":0,"423":0,"424":0,"428":0,"431":1,"432":1,"434":1,"435":0,"438":1,"439":219,"441":219,"442":219,"444":219,"445":219,"447":219,"448":219,"452":1,"453":1,"454":1,"455":1,"458":1,"459":0,"460":0,"461":0,"463":0,"466":1,"467":0,"470":1,"471":0,"472":0,"480":1,"481":0,"486":0,"487":0,"490":0,"492":0,"495":1,"496":1,"497":1,"498":1,"499":1,"500":1,"501":1,"502":1,"503":1,"504":1,"505":1,"506":1,"507":1,"508":1,"509":1,"510":1,"511":1,"512":1,"518":1,"520":1,"522":1,"524":1,"525":0,"528":0,"529":0,"530":0,"531":0,"533":0,"535":0,"536":0,"537":0,"538":0,"540":0,"541":0,"543":0,"548":1,"549":0,"550":0,"551":0,"552":0,"554":0,"556":0,"558":0,"561":1,"562":2,"563":0,"564":0,"568":1,"569":1,"570":0,"571":0,"575":1,"576":1,"577":1,"579":1,"580":0,"581":0,"583":0,"584":0,"588":1,"589":1,"591":1,"592":1,"593":0,"595":0,"600":1}}}